<?xml version="1.0" encoding="UTF-8"?>
<!-- Generated by org.testng.reporters.JUnitReportReporter -->
<testsuite hostname="DESKTOP-26PVOVF" failures="1" tests="8" name="vn.pis.ui.tests.PIS2_Categories" time="30.091" errors="0" timestamp="2025-11-17T21:14:01 ICT" skipped="0">
  <testcase classname="vn.pis.ui.tests.PIS2_Categories" name="TC01_OpenCategoriesPage" time="2.337">
    <system-out>
      <![CDATA[[PIS2][Listener] START: TC01_OpenCategoriesPage
[PIS2] MỞ trang login và đăng nhập
[PIS2] Đi tới trang Quản lý danh mục
[PIS2] Xác minh cột và nút cơ bản xuất hiện
[PIS2] TC01 OK
[PIS2][Listener] PASS : TC01_OpenCategoriesPage]]>
    </system-out>
  </testcase> <!-- TC01_OpenCategoriesPage -->
  <testcase classname="vn.pis.ui.tests.PIS2_Categories" name="TC02_AddCategory_Success" time="3.995">
    <system-out>
      <![CDATA[[PIS2][Listener] START: TC02_AddCategory_Success
[PIS2] Thêm danh mục mới: Cat-Auto-1763388813471
[PIS2] Feedback khi submit: Tạo danh mục thành công!
[PIS2] TC02 OK - Đã thêm thành công Cat-Auto-1763388813471
[PIS2][Listener] PASS : TC02_AddCategory_Success]]>
    </system-out>
  </testcase> <!-- TC02_AddCategory_Success -->
  <testcase classname="vn.pis.ui.tests.PIS2_Categories" name="TC03_AddCategory_EmptyName" time="5.228">
    <system-out>
      <![CDATA[[PIS2][Listener] START: TC03_AddCategory_EmptyName
[PIS2] Kiểm tra validate tên rỗng
[PIS2] Thông báo validate: Tên danh mục không được để trống
[PIS2] TC03 OK - Validate tên rỗng hoạt động
[PIS2][Listener] PASS : TC03_AddCategory_EmptyName]]>
    </system-out>
  </testcase> <!-- TC03_AddCategory_EmptyName -->
  <testcase classname="vn.pis.ui.tests.PIS2_Categories" name="TC04_AddCategory_DuplicateName" time="6.205">
    <system-out>
      <![CDATA[[PIS2][Listener] START: TC04_AddCategory_DuplicateName
[PIS2] Seed danh mục lần 1: Cat-Dup-1763388822700
[PIS2] Seed feedback: Tạo danh mục thành công!
[PIS2] Thêm trùng tên để kiểm tra duplicate
[PIS2] Duplicate feedback: Category with this name already exists
[PIS2] TC04 OK - Validate trùng tên hoạt động
[PIS2][Listener] PASS : TC04_AddCategory_DuplicateName]]>
    </system-out>
  </testcase> <!-- TC04_AddCategory_DuplicateName -->
  <testcase classname="vn.pis.ui.tests.PIS2_Categories" name="TC05_EditCategory_Success" time="4.155">
    <system-out>
      <![CDATA[[PIS2][Listener] START: TC05_EditCategory_Success
[PIS2] Seed danh mục để edit: Danh mục thử nghiệm-1763388828907
[PIS2] Seed feedback: Tạo danh mục thành công!
[PIS2] Mở popup Edit cho: Danh mục thử nghiệm-1763388828907
[PIS2] Update feedback: Cập nhật danh mục thành công!
[PIS2] Xác minh tên mới xuất hiện và tên cũ biến mất
[PIS2] TC05 OK - Cập nhật thành công
[PIS2][Listener] PASS : TC05_EditCategory_Success]]>
    </system-out>
  </testcase> <!-- TC05_EditCategory_Success -->
  <testcase classname="vn.pis.ui.tests.PIS2_Categories" name="TC06_DeleteCategory_WhenZeroDrug" time="3.701">
    <system-out>
      <![CDATA[[PIS2][Listener] START: TC06_DeleteCategory_WhenZeroDrug
[PIS2] Seed danh mục để xoá: Cat-Del0-1763388833064
[PIS2] Seed feedback: Tạo danh mục thành công!
[PIS2] Thực hiện xoá danh mục: Cat-Del0-1763388833064
[PIS2] Delete feedback: Xóa danh mục thành công!
[PIS2] TC06 OK - Đã xoá thành công
[PIS2][Listener] PASS : TC06_DeleteCategory_WhenZeroDrug]]>
    </system-out>
  </testcase> <!-- TC06_DeleteCategory_WhenZeroDrug -->
  <testcase classname="vn.pis.ui.tests.PIS2_Categories" name="TC07_SearchByName" time="2.484">
    <system-out>
      <![CDATA[[PIS2][Listener] START: TC07_SearchByName
[PIS2] Seed danh mục để search: Cat-Search-1763388836778
[PIS2] Seed feedback: Tạo danh mục thành công!
[PIS2] Tìm kiếm theo tên: Cat-Search-1763388836778
[PIS2] TC07 OK - Search hoạt động
[PIS2][Listener] PASS : TC07_SearchByName]]>
    </system-out>
  </testcase> <!-- TC07_SearchByName -->
  <testcase classname="vn.pis.ui.tests.PIS2_Categories" name="TC08_Pagination_PageSize" time="1.986">
    <failure message="Không tăng số trang khi bấm Sau expected [2] but found [1]" type="java.lang.AssertionError">
      <![CDATA[java.lang.AssertionError: Không tăng số trang khi bấm Sau expected [2] but found [1]
at org.testng.Assert.fail(Assert.java:111)
at org.testng.Assert.failNotEquals(Assert.java:1578)
at org.testng.Assert.assertEqualsImpl(Assert.java:150)
at org.testng.Assert.assertEquals(Assert.java:132)
at org.testng.Assert.assertEquals(Assert.java:1419)
at org.testng.Assert.assertEquals(Assert.java:1383)
at vn.pis.ui.tests.PIS2_Categories.TC08_Pagination_PageSize(PIS2_Categories.java:244)
at java.base/jdk.internal.reflect.DirectMethodHandleAccessor.invoke(DirectMethodHandleAccessor.java:104)
at java.base/java.lang.reflect.Method.invoke(Method.java:578)
at org.testng.internal.invokers.MethodInvocationHelper.invokeMethod(MethodInvocationHelper.java:141)
at org.testng.internal.invokers.TestInvoker.invokeMethod(TestInvoker.java:686)
at org.testng.internal.invokers.TestInvoker.invokeTestMethod(TestInvoker.java:230)
at org.testng.internal.invokers.MethodRunner.runInSequence(MethodRunner.java:63)
at org.testng.internal.invokers.TestInvoker$MethodInvocationAgent.invoke(TestInvoker.java:992)
at org.testng.internal.invokers.TestInvoker.invokeTestMethods(TestInvoker.java:203)
at org.testng.internal.invokers.TestMethodWorker.invokeTestMethods(TestMethodWorker.java:154)
at org.testng.internal.invokers.TestMethodWorker.run(TestMethodWorker.java:134)
at java.base/java.util.ArrayList.forEach(ArrayList.java:1511)
at org.testng.TestRunner.privateRun(TestRunner.java:739)
at org.testng.TestRunner.run(TestRunner.java:614)
at org.testng.SuiteRunner.runTest(SuiteRunner.java:421)
at org.testng.SuiteRunner.runSequentially(SuiteRunner.java:413)
at org.testng.SuiteRunner.privateRun(SuiteRunner.java:373)
at org.testng.SuiteRunner.run(SuiteRunner.java:312)
at org.testng.SuiteRunnerWorker.runSuite(SuiteRunnerWorker.java:52)
at org.testng.SuiteRunnerWorker.run(SuiteRunnerWorker.java:95)
at org.testng.TestNG.runSuitesSequentially(TestNG.java:1274)
at org.testng.TestNG.runSuitesLocally(TestNG.java:1208)
at org.testng.TestNG.runSuites(TestNG.java:1112)
at org.testng.TestNG.run(TestNG.java:1079)
at org.testng.remote.AbstractRemoteTestNG.run(AbstractRemoteTestNG.java:115)
at org.testng.remote.RemoteTestNG.initAndRun(RemoteTestNG.java:293)
at org.testng.remote.RemoteTestNG.main(RemoteTestNG.java:91)
]]>
    </failure>
    <system-out>
      <![CDATA[[PIS2][Listener] START: TC08_Pagination_PageSize
[PIS2] Trang hiện tại: 1/14 | Hiển thị 1-10 / 132
[PIS2] Bấm 'Sau' → đã chuyển trang
[PIS2][Listener] FAIL : TC08_Pagination_PageSize | java.lang.AssertionError: Không tăng số trang khi bấm Sau expected [2] but found [1]]]>
    </system-out>
  </testcase> <!-- TC08_Pagination_PageSize -->
  <system-out>
    <![CDATA[[PIS2][Listener] BẮT ĐẦU SUITE: Default suite
[PIS2][Listener] Context start: Default test
[PIS2] ▶ BẮT ĐẦU TC: TC01_OpenCategoriesPage
[PIS2][Listener] START: TC01_OpenCategoriesPage
[PIS2] MỞ trang login và đăng nhập
[PIS2] Đi tới trang Quản lý danh mục
[PIS2] Xác minh cột và nút cơ bản xuất hiện
[PIS2] TC01 OK
[PIS2][Listener] PASS : TC01_OpenCategoriesPage
[PIS2] ■ KẾT THÚC TC: TC01_OpenCategoriesPage
[PIS2] ▶ BẮT ĐẦU TC: TC02_AddCategory_Success
[PIS2][Listener] START: TC02_AddCategory_Success
[PIS2] Thêm danh mục mới: Cat-Auto-1763388813471
[PIS2] Feedback khi submit: Tạo danh mục thành công!
[PIS2] TC02 OK - Đã thêm thành công Cat-Auto-1763388813471
[PIS2][Listener] PASS : TC02_AddCategory_Success
[PIS2] ■ KẾT THÚC TC: TC02_AddCategory_Success
[PIS2] ▶ BẮT ĐẦU TC: TC03_AddCategory_EmptyName
[PIS2][Listener] START: TC03_AddCategory_EmptyName
[PIS2] Kiểm tra validate tên rỗng
[PIS2] Thông báo validate: Tên danh mục không được để trống
[PIS2] TC03 OK - Validate tên rỗng hoạt động
[PIS2][Listener] PASS : TC03_AddCategory_EmptyName
[PIS2] ■ KẾT THÚC TC: TC03_AddCategory_EmptyName
[PIS2] ▶ BẮT ĐẦU TC: TC04_AddCategory_DuplicateName
[PIS2][Listener] START: TC04_AddCategory_DuplicateName
[PIS2] Seed danh mục lần 1: Cat-Dup-1763388822700
[PIS2] Seed feedback: Tạo danh mục thành công!
[PIS2] Thêm trùng tên để kiểm tra duplicate
[PIS2] Duplicate feedback: Category with this name already exists
[PIS2] TC04 OK - Validate trùng tên hoạt động
[PIS2][Listener] PASS : TC04_AddCategory_DuplicateName
[PIS2] ■ KẾT THÚC TC: TC04_AddCategory_DuplicateName
[PIS2] ▶ BẮT ĐẦU TC: TC05_EditCategory_Success
[PIS2][Listener] START: TC05_EditCategory_Success
[PIS2] Seed danh mục để edit: Danh mục thử nghiệm-1763388828907
[PIS2] Seed feedback: Tạo danh mục thành công!
[PIS2] Mở popup Edit cho: Danh mục thử nghiệm-1763388828907
[PIS2] Update feedback: Cập nhật danh mục thành công!
[PIS2] Xác minh tên mới xuất hiện và tên cũ biến mất
[PIS2] TC05 OK - Cập nhật thành công
[PIS2][Listener] PASS : TC05_EditCategory_Success
[PIS2] ■ KẾT THÚC TC: TC05_EditCategory_Success
[PIS2] ▶ BẮT ĐẦU TC: TC06_DeleteCategory_WhenZeroDrug
[PIS2][Listener] START: TC06_DeleteCategory_WhenZeroDrug
[PIS2] Seed danh mục để xoá: Cat-Del0-1763388833064
[PIS2] Seed feedback: Tạo danh mục thành công!
[PIS2] Thực hiện xoá danh mục: Cat-Del0-1763388833064
[PIS2] Delete feedback: Xóa danh mục thành công!
[PIS2] TC06 OK - Đã xoá thành công
[PIS2][Listener] PASS : TC06_DeleteCategory_WhenZeroDrug
[PIS2] ■ KẾT THÚC TC: TC06_DeleteCategory_WhenZeroDrug
[PIS2] ▶ BẮT ĐẦU TC: TC07_SearchByName
[PIS2][Listener] START: TC07_SearchByName
[PIS2] Seed danh mục để search: Cat-Search-1763388836778
[PIS2] Seed feedback: Tạo danh mục thành công!
[PIS2] Tìm kiếm theo tên: Cat-Search-1763388836778
[PIS2] TC07 OK - Search hoạt động
[PIS2][Listener] PASS : TC07_SearchByName
[PIS2] ■ KẾT THÚC TC: TC07_SearchByName
[PIS2] ▶ BẮT ĐẦU TC: TC08_Pagination_PageSize
[PIS2][Listener] START: TC08_Pagination_PageSize
[PIS2] Trang hiện tại: 1/14 | Hiển thị 1-10 / 132
[PIS2] Bấm 'Sau' → đã chuyển trang
[PIS2][Listener] FAIL : TC08_Pagination_PageSize | java.lang.AssertionError: Không tăng số trang khi bấm Sau expected [2] but found [1]
[PIS2] ■ KẾT THÚC TC: TC08_Pagination_PageSize]]>
  </system-out>
</testsuite> <!-- vn.pis.ui.tests.PIS2_Categories -->
