<?xml version="1.0" encoding="UTF-8"?>
<!-- Generated by org.testng.reporters.JUnitReportReporter -->
<testsuite hostname="DESKTOP-26PVOVF" failures="2" tests="9" name="vn.pis.ui.tests.PIS5_ImportReceipt" time="118.931" errors="1" timestamp="2025-12-06T02:05:14 ICT" skipped="0">
  <testcase classname="vn.pis.ui.tests.PIS5_ImportReceipt" name="TC01_OpenImportReceiptPage_BasicLayout" time="1.208">
    <system-out>
      <![CDATA[[PIS2][Listener] START: TC01_OpenImportReceiptPage_BasicLayout
[PIS2][Listener] PASS : TC01_OpenImportReceiptPage_BasicLayout]]>
    </system-out>
  </testcase> <!-- TC01_OpenImportReceiptPage_BasicLayout -->
  <testcase classname="vn.pis.ui.tests.PIS5_ImportReceipt" name="TC02_CreateReceipt_SingleRow_Success" time="12.864">
    <failure message="Thành tiền dòng 1 không chứa giá trị mong đợi: 50000 expected [true] but found [false]" type="java.lang.AssertionError">
      <![CDATA[java.lang.AssertionError: Thành tiền dòng 1 không chứa giá trị mong đợi: 50000 expected [true] but found [false]
at org.testng.Assert.fail(Assert.java:111)
at org.testng.Assert.failNotEquals(Assert.java:1578)
at org.testng.Assert.assertTrue(Assert.java:57)
at vn.pis.ui.tests.PIS5_ImportReceipt.TC02_CreateReceipt_SingleRow_Success(PIS5_ImportReceipt.java:215)
at java.base/jdk.internal.reflect.DirectMethodHandleAccessor.invoke(DirectMethodHandleAccessor.java:104)
at java.base/java.lang.reflect.Method.invoke(Method.java:578)
at org.testng.internal.invokers.MethodInvocationHelper.invokeMethod(MethodInvocationHelper.java:141)
at org.testng.internal.invokers.TestInvoker.invokeMethod(TestInvoker.java:686)
at org.testng.internal.invokers.TestInvoker.invokeTestMethod(TestInvoker.java:230)
at org.testng.internal.invokers.MethodRunner.runInSequence(MethodRunner.java:63)
at org.testng.internal.invokers.TestInvoker$MethodInvocationAgent.invoke(TestInvoker.java:992)
at org.testng.internal.invokers.TestInvoker.invokeTestMethods(TestInvoker.java:203)
at org.testng.internal.invokers.TestMethodWorker.invokeTestMethods(TestMethodWorker.java:154)
at org.testng.internal.invokers.TestMethodWorker.run(TestMethodWorker.java:134)
at java.base/java.util.ArrayList.forEach(ArrayList.java:1511)
at org.testng.TestRunner.privateRun(TestRunner.java:739)
at org.testng.TestRunner.run(TestRunner.java:614)
at org.testng.SuiteRunner.runTest(SuiteRunner.java:421)
at org.testng.SuiteRunner.runSequentially(SuiteRunner.java:413)
at org.testng.SuiteRunner.privateRun(SuiteRunner.java:373)
at org.testng.SuiteRunner.run(SuiteRunner.java:312)
at org.testng.SuiteRunnerWorker.runSuite(SuiteRunnerWorker.java:52)
at org.testng.SuiteRunnerWorker.run(SuiteRunnerWorker.java:95)
at org.testng.TestNG.runSuitesSequentially(TestNG.java:1274)
at org.testng.TestNG.runSuitesLocally(TestNG.java:1208)
at org.testng.TestNG.runSuites(TestNG.java:1112)
at org.testng.TestNG.run(TestNG.java:1079)
at org.testng.remote.AbstractRemoteTestNG.run(AbstractRemoteTestNG.java:115)
at org.testng.remote.RemoteTestNG.initAndRun(RemoteTestNG.java:293)
at org.testng.remote.RemoteTestNG.main(RemoteTestNG.java:91)
]]>
    </failure>
    <system-out>
      <![CDATA[[PIS2][Listener] START: TC02_CreateReceipt_SingleRow_Success
[PIS5] Line amount row1 = 50.000 ₫
[PIS2][Listener] FAIL : TC02_CreateReceipt_SingleRow_Success | java.lang.AssertionError: Thành tiền dòng 1 không chứa giá trị mong đợi: 50000 expected [true] but found [false]]]>
    </system-out>
  </testcase> <!-- TC02_CreateReceipt_SingleRow_Success -->
  <testcase classname="vn.pis.ui.tests.PIS5_ImportReceipt" name="TC03_Validate_MissingSupplier" time="7.484">
    <system-out>
      <![CDATA[[PIS2][Listener] START: TC03_Validate_MissingSupplier
[PIS5] Feedback: Vui lòng chọn nhà cung cấp
[PIS2][Listener] PASS : TC03_Validate_MissingSupplier]]>
    </system-out>
  </testcase> <!-- TC03_Validate_MissingSupplier -->
  <testcase classname="vn.pis.ui.tests.PIS5_ImportReceipt" name="TC04_Validate_Row1_EmptyDrugName" time="12.374">
    <system-out>
      <![CDATA[[PIS2][Listener] START: TC04_Validate_Row1_EmptyDrugName
[PIS5] Feedback: Dòng 1: Vui lòng nhập tên thuốc
[PIS2][Listener] PASS : TC04_Validate_Row1_EmptyDrugName]]>
    </system-out>
  </testcase> <!-- TC04_Validate_Row1_EmptyDrugName -->
  <testcase classname="vn.pis.ui.tests.PIS5_ImportReceipt" name="TC05_Validate_Row1_EmptyUnit" time="12.282">
    <system-out>
      <![CDATA[[PIS2][Listener] START: TC05_Validate_Row1_EmptyUnit
[PIS5] Feedback: Dòng 1: Vui lòng nhập đơn vị tính
[PIS2][Listener] PASS : TC05_Validate_Row1_EmptyUnit]]>
    </system-out>
  </testcase> <!-- TC05_Validate_Row1_EmptyUnit -->
  <testcase classname="vn.pis.ui.tests.PIS5_ImportReceipt" name="TC06_Validate_Row1_QtyMustGreaterThanZero" time="12.410">
    <system-out>
      <![CDATA[[PIS2][Listener] START: TC06_Validate_Row1_QtyMustGreaterThanZero
[PIS5] Alert: Dòng 1: Số lượng phải lớn hơn 0
[PIS2][Listener] PASS : TC06_Validate_Row1_QtyMustGreaterThanZero]]>
    </system-out>
  </testcase> <!-- TC06_Validate_Row1_QtyMustGreaterThanZero -->
  <testcase classname="vn.pis.ui.tests.PIS5_ImportReceipt" name="TC07_Validate_Row1_InvalidPrice" time="12.877">
    <failure message="Chuỗi không chứa từ khoá mong đợi. Actual: Tạo phiếu nhập kho thành công!" type="java.lang.AssertionError">
      <![CDATA[java.lang.AssertionError: Chuỗi không chứa từ khoá mong đợi. Actual: Tạo phiếu nhập kho thành công!
at org.testng.Assert.fail(Assert.java:111)
at vn.pis.ui.tests.PIS5_ImportReceipt.assertContains(PIS5_ImportReceipt.java:41)
at vn.pis.ui.tests.PIS5_ImportReceipt.TC07_Validate_Row1_InvalidPrice(PIS5_ImportReceipt.java:409)
at java.base/jdk.internal.reflect.DirectMethodHandleAccessor.invoke(DirectMethodHandleAccessor.java:104)
at java.base/java.lang.reflect.Method.invoke(Method.java:578)
at org.testng.internal.invokers.MethodInvocationHelper.invokeMethod(MethodInvocationHelper.java:141)
at org.testng.internal.invokers.TestInvoker.invokeMethod(TestInvoker.java:686)
at org.testng.internal.invokers.TestInvoker.invokeTestMethod(TestInvoker.java:230)
at org.testng.internal.invokers.MethodRunner.runInSequence(MethodRunner.java:63)
at org.testng.internal.invokers.TestInvoker$MethodInvocationAgent.invoke(TestInvoker.java:992)
at org.testng.internal.invokers.TestInvoker.invokeTestMethods(TestInvoker.java:203)
at org.testng.internal.invokers.TestMethodWorker.invokeTestMethods(TestMethodWorker.java:154)
at org.testng.internal.invokers.TestMethodWorker.run(TestMethodWorker.java:134)
at java.base/java.util.ArrayList.forEach(ArrayList.java:1511)
at org.testng.TestRunner.privateRun(TestRunner.java:739)
at org.testng.TestRunner.run(TestRunner.java:614)
at org.testng.SuiteRunner.runTest(SuiteRunner.java:421)
at org.testng.SuiteRunner.runSequentially(SuiteRunner.java:413)
at org.testng.SuiteRunner.privateRun(SuiteRunner.java:373)
at org.testng.SuiteRunner.run(SuiteRunner.java:312)
at org.testng.SuiteRunnerWorker.runSuite(SuiteRunnerWorker.java:52)
at org.testng.SuiteRunnerWorker.run(SuiteRunnerWorker.java:95)
at org.testng.TestNG.runSuitesSequentially(TestNG.java:1274)
at org.testng.TestNG.runSuitesLocally(TestNG.java:1208)
at org.testng.TestNG.runSuites(TestNG.java:1112)
at org.testng.TestNG.run(TestNG.java:1079)
at org.testng.remote.AbstractRemoteTestNG.run(AbstractRemoteTestNG.java:115)
at org.testng.remote.RemoteTestNG.initAndRun(RemoteTestNG.java:293)
at org.testng.remote.RemoteTestNG.main(RemoteTestNG.java:91)
]]>
    </failure>
    <system-out>
      <![CDATA[[PIS2][Listener] START: TC07_Validate_Row1_InvalidPrice
[PIS5] Alert: Tạo phiếu nhập kho thành công!
[PIS5] Feedback: Tạo phiếu nhập kho thành công!
[PIS2][Listener] FAIL : TC07_Validate_Row1_InvalidPrice | java.lang.AssertionError: Chuỗi không chứa từ khoá mong đợi. Actual: Tạo phiếu nhập kho thành công!]]>
    </system-out>
  </testcase> <!-- TC07_Validate_Row1_InvalidPrice -->
  <testcase classname="vn.pis.ui.tests.PIS5_ImportReceipt" name="TC08_MultiRows_CalcLineAndTotal" time="18.776">
    <system-out>
      <![CDATA[[PIS2][Listener] START: TC08_MultiRows_CalcLineAndTotal
[PIS5] Row1 amount = 30.000 ₫
[PIS5] Row2 amount = 60.000 ₫
[PIS5] Total       = 90.000 ₫
[PIS2][Listener] PASS : TC08_MultiRows_CalcLineAndTotal]]>
    </system-out>
  </testcase> <!-- TC08_MultiRows_CalcLineAndTotal -->
  <testcase classname="vn.pis.ui.tests.PIS5_ImportReceipt" name="TC09_DeleteRow_UpdateTotal" time="28.656">
    <error message="Expected condition failed: waiting for element to be clickable: By.xpath: (//table//tbody/tr)[2]//button[.//svg[contains(@class,&#039;trash&#039;)]] (tried for 10 second(s) with 500 milliseconds interval)
Build info: version: &#039;4.24.0&#039;, revision: &#039;748ffc9bc3&#039;
System info: os.name: &#039;Windows 11&#039;, os.arch: &#039;amd64&#039;, os.version: &#039;10.0&#039;, java.version: &#039;20.0.2&#039;
Driver info: org.openqa.selenium.chrome.ChromeDriver
Capabilities {acceptInsecureCerts: false, browserName: chrome, browserVersion: 142.0.7444.176, chrome: {chromedriverVersion: 142.0.7444.175 (302067f14a4..., userDataDir: C:\Users\DELL\AppData\Local...}, fedcm:accounts: true, goog:chromeOptions: {debuggerAddress: localhost:63010}, goog:processID: 2460, networkConnectionEnabled: false, pageLoadStrategy: normal, platformName: windows, proxy: Proxy(), se:cdp: ws://localhost:63010/devtoo..., se:cdpVersion: 142.0.7444.176, setWindowRect: true, strictFileInteractability: false, timeouts: {implicit: 0, pageLoad: 300000, script: 30000}, unhandledPromptBehavior: dismiss and notify, webauthn:extension:credBlob: true, webauthn:extension:largeBlob: true, webauthn:extension:minPinLength: true, webauthn:extension:prf: true, webauthn:virtualAuthenticators: true}
Session ID: e5c87585428876bbead597d0651c9a2c" type="org.openqa.selenium.TimeoutException">
      <![CDATA[org.openqa.selenium.TimeoutException: Expected condition failed: waiting for element to be clickable: By.xpath: (//table//tbody/tr)[2]//button[.//svg[contains(@class,'trash')]] (tried for 10 second(s) with 500 milliseconds interval)
Build info: version: '4.24.0', revision: '748ffc9bc3'
System info: os.name: 'Windows 11', os.arch: 'amd64', os.version: '10.0', java.version: '20.0.2'
Driver info: org.openqa.selenium.chrome.ChromeDriver
Capabilities {acceptInsecureCerts: false, browserName: chrome, browserVersion: 142.0.7444.176, chrome: {chromedriverVersion: 142.0.7444.175 (302067f14a4..., userDataDir: C:\Users\DELL\AppData\Local...}, fedcm:accounts: true, goog:chromeOptions: {debuggerAddress: localhost:63010}, goog:processID: 2460, networkConnectionEnabled: false, pageLoadStrategy: normal, platformName: windows, proxy: Proxy(), se:cdp: ws://localhost:63010/devtoo..., se:cdpVersion: 142.0.7444.176, setWindowRect: true, strictFileInteractability: false, timeouts: {implicit: 0, pageLoad: 300000, script: 30000}, unhandledPromptBehavior: dismiss and notify, webauthn:extension:credBlob: true, webauthn:extension:largeBlob: true, webauthn:extension:minPinLength: true, webauthn:extension:prf: true, webauthn:virtualAuthenticators: true}
Session ID: e5c87585428876bbead597d0651c9a2c
at org.openqa.selenium.support.ui.WebDriverWait.timeoutException(WebDriverWait.java:84)
at org.openqa.selenium.support.ui.FluentWait.until(FluentWait.java:228)
at vn.pis.ui.pages.ImportReceiptPage.deleteRow(ImportReceiptPage.java:193)
at vn.pis.ui.tests.PIS5_ImportReceipt.TC09_DeleteRow_UpdateTotal(PIS5_ImportReceipt.java:519)
at java.base/jdk.internal.reflect.DirectMethodHandleAccessor.invoke(DirectMethodHandleAccessor.java:104)
at java.base/java.lang.reflect.Method.invoke(Method.java:578)
at org.testng.internal.invokers.MethodInvocationHelper.invokeMethod(MethodInvocationHelper.java:141)
at org.testng.internal.invokers.TestInvoker.invokeMethod(TestInvoker.java:686)
at org.testng.internal.invokers.TestInvoker.invokeTestMethod(TestInvoker.java:230)
at org.testng.internal.invokers.MethodRunner.runInSequence(MethodRunner.java:63)
at org.testng.internal.invokers.TestInvoker$MethodInvocationAgent.invoke(TestInvoker.java:992)
at org.testng.internal.invokers.TestInvoker.invokeTestMethods(TestInvoker.java:203)
at org.testng.internal.invokers.TestMethodWorker.invokeTestMethods(TestMethodWorker.java:154)
at org.testng.internal.invokers.TestMethodWorker.run(TestMethodWorker.java:134)
at java.base/java.util.ArrayList.forEach(ArrayList.java:1511)
at org.testng.TestRunner.privateRun(TestRunner.java:739)
at org.testng.TestRunner.run(TestRunner.java:614)
at org.testng.SuiteRunner.runTest(SuiteRunner.java:421)
at org.testng.SuiteRunner.runSequentially(SuiteRunner.java:413)
at org.testng.SuiteRunner.privateRun(SuiteRunner.java:373)
at org.testng.SuiteRunner.run(SuiteRunner.java:312)
at org.testng.SuiteRunnerWorker.runSuite(SuiteRunnerWorker.java:52)
at org.testng.SuiteRunnerWorker.run(SuiteRunnerWorker.java:95)
at org.testng.TestNG.runSuitesSequentially(TestNG.java:1274)
at org.testng.TestNG.runSuitesLocally(TestNG.java:1208)
at org.testng.TestNG.runSuites(TestNG.java:1112)
at org.testng.TestNG.run(TestNG.java:1079)
at org.testng.remote.AbstractRemoteTestNG.run(AbstractRemoteTestNG.java:115)
at org.testng.remote.RemoteTestNG.initAndRun(RemoteTestNG.java:293)
at org.testng.remote.RemoteTestNG.main(RemoteTestNG.java:91)
]]>
    </error>
    <system-out>
      <![CDATA[[PIS2][Listener] START: TC09_DeleteRow_UpdateTotal
[PIS5] Total BEFORE delete = 50.000 ₫
[PIS2][Listener] FAIL : TC09_DeleteRow_UpdateTotal | org.openqa.selenium.TimeoutException: Expected condition failed: waiting for element to be clickable: By.xpath: (//table//tbody/tr)[2]//button[.//svg[contains(@class,'trash')]] (tried for 10 second(s) with 500 milliseconds interval)
Build info: version: '4.24.0', revision: '748ffc9bc3'
System info: os.name: 'Windows 11', os.arch: 'amd64', os.version: '10.0', java.version: '20.0.2'
Driver info: org.openqa.selenium.chrome.ChromeDriver
Capabilities {acceptInsecureCerts: false, browserName: chrome, browserVersion: 142.0.7444.176, chrome: {chromedriverVersion: 142.0.7444.175 (302067f14a4..., userDataDir: C:\Users\DELL\AppData\Local...}, fedcm:accounts: true, goog:chromeOptions: {debuggerAddress: localhost:63010}, goog:processID: 2460, networkConnectionEnabled: false, pageLoadStrategy: normal, platformName: windows, proxy: Proxy(), se:cdp: ws://localhost:63010/devtoo..., se:cdpVersion: 142.0.7444.176, setWindowRect: true, strictFileInteractability: false, timeouts: {implicit: 0, pageLoad: 300000, script: 30000}, unhandledPromptBehavior: dismiss and notify, webauthn:extension:credBlob: true, webauthn:extension:largeBlob: true, webauthn:extension:minPinLength: true, webauthn:extension:prf: true, webauthn:virtualAuthenticators: true}
Session ID: e5c87585428876bbead597d0651c9a2c]]>
    </system-out>
  </testcase> <!-- TC09_DeleteRow_UpdateTotal -->
  <system-out>
    <![CDATA[[PIS2][Listener] BẮT ĐẦU SUITE: Default suite
[PIS2][Listener] Context start: Default test
[PIS5] Đăng nhập trước khi chạy các test PIS-5
[PIS5] ▶ BẮT ĐẦU TC: TC01_OpenImportReceiptPage_BasicLayout
[PIS2][Listener] START: TC01_OpenImportReceiptPage_BasicLayout
[PIS2][Listener] PASS : TC01_OpenImportReceiptPage_BasicLayout
[PIS5] ■ KẾT THÚC TC: TC01_OpenImportReceiptPage_BasicLayout
[PIS5] ▶ BẮT ĐẦU TC: TC02_CreateReceipt_SingleRow_Success
[PIS2][Listener] START: TC02_CreateReceipt_SingleRow_Success
[PIS5] Line amount row1 = 50.000 ₫
[PIS2][Listener] FAIL : TC02_CreateReceipt_SingleRow_Success | java.lang.AssertionError: Thành tiền dòng 1 không chứa giá trị mong đợi: 50000 expected [true] but found [false]
[PIS5] ■ KẾT THÚC TC: TC02_CreateReceipt_SingleRow_Success
[PIS5] ▶ BẮT ĐẦU TC: TC03_Validate_MissingSupplier
[PIS2][Listener] START: TC03_Validate_MissingSupplier
[PIS5] Feedback: Vui lòng chọn nhà cung cấp
[PIS2][Listener] PASS : TC03_Validate_MissingSupplier
[PIS5] ■ KẾT THÚC TC: TC03_Validate_MissingSupplier
[PIS5] ▶ BẮT ĐẦU TC: TC04_Validate_Row1_EmptyDrugName
[PIS2][Listener] START: TC04_Validate_Row1_EmptyDrugName
[PIS5] Feedback: Dòng 1: Vui lòng nhập tên thuốc
[PIS2][Listener] PASS : TC04_Validate_Row1_EmptyDrugName
[PIS5] ■ KẾT THÚC TC: TC04_Validate_Row1_EmptyDrugName
[PIS5] ▶ BẮT ĐẦU TC: TC05_Validate_Row1_EmptyUnit
[PIS2][Listener] START: TC05_Validate_Row1_EmptyUnit
[PIS5] Feedback: Dòng 1: Vui lòng nhập đơn vị tính
[PIS2][Listener] PASS : TC05_Validate_Row1_EmptyUnit
[PIS5] ■ KẾT THÚC TC: TC05_Validate_Row1_EmptyUnit
[PIS5] ▶ BẮT ĐẦU TC: TC06_Validate_Row1_QtyMustGreaterThanZero
[PIS2][Listener] START: TC06_Validate_Row1_QtyMustGreaterThanZero
[PIS5] Alert: Dòng 1: Số lượng phải lớn hơn 0
[PIS2][Listener] PASS : TC06_Validate_Row1_QtyMustGreaterThanZero
[PIS5] ■ KẾT THÚC TC: TC06_Validate_Row1_QtyMustGreaterThanZero
[PIS5] ▶ BẮT ĐẦU TC: TC07_Validate_Row1_InvalidPrice
[PIS2][Listener] START: TC07_Validate_Row1_InvalidPrice
[PIS5] Alert: Tạo phiếu nhập kho thành công!
[PIS5] Feedback: Tạo phiếu nhập kho thành công!
[PIS2][Listener] FAIL : TC07_Validate_Row1_InvalidPrice | java.lang.AssertionError: Chuỗi không chứa từ khoá mong đợi. Actual: Tạo phiếu nhập kho thành công!
[PIS5] ■ KẾT THÚC TC: TC07_Validate_Row1_InvalidPrice
[PIS5] ▶ BẮT ĐẦU TC: TC08_MultiRows_CalcLineAndTotal
[PIS2][Listener] START: TC08_MultiRows_CalcLineAndTotal
[PIS5] Row1 amount = 30.000 ₫
[PIS5] Row2 amount = 60.000 ₫
[PIS5] Total       = 90.000 ₫
[PIS2][Listener] PASS : TC08_MultiRows_CalcLineAndTotal
[PIS5] ■ KẾT THÚC TC: TC08_MultiRows_CalcLineAndTotal
[PIS5] ▶ BẮT ĐẦU TC: TC09_DeleteRow_UpdateTotal
[PIS2][Listener] START: TC09_DeleteRow_UpdateTotal
[PIS5] Total BEFORE delete = 50.000 ₫
[PIS2][Listener] FAIL : TC09_DeleteRow_UpdateTotal | org.openqa.selenium.TimeoutException: Expected condition failed: waiting for element to be clickable: By.xpath: (//table//tbody/tr)[2]//button[.//svg[contains(@class,'trash')]] (tried for 10 second(s) with 500 milliseconds interval)
Build info: version: '4.24.0', revision: '748ffc9bc3'
System info: os.name: 'Windows 11', os.arch: 'amd64', os.version: '10.0', java.version: '20.0.2'
Driver info: org.openqa.selenium.chrome.ChromeDriver
Capabilities {acceptInsecureCerts: false, browserName: chrome, browserVersion: 142.0.7444.176, chrome: {chromedriverVersion: 142.0.7444.175 (302067f14a4..., userDataDir: C:\Users\DELL\AppData\Local...}, fedcm:accounts: true, goog:chromeOptions: {debuggerAddress: localhost:63010}, goog:processID: 2460, networkConnectionEnabled: false, pageLoadStrategy: normal, platformName: windows, proxy: Proxy(), se:cdp: ws://localhost:63010/devtoo..., se:cdpVersion: 142.0.7444.176, setWindowRect: true, strictFileInteractability: false, timeouts: {implicit: 0, pageLoad: 300000, script: 30000}, unhandledPromptBehavior: dismiss and notify, webauthn:extension:credBlob: true, webauthn:extension:largeBlob: true, webauthn:extension:minPinLength: true, webauthn:extension:prf: true, webauthn:virtualAuthenticators: true}
Session ID: e5c87585428876bbead597d0651c9a2c
[PIS5] ■ KẾT THÚC TC: TC09_DeleteRow_UpdateTotal]]>
  </system-out>
</testsuite> <!-- vn.pis.ui.tests.PIS5_ImportReceipt -->
