<?xml version="1.0" encoding="UTF-8"?>
<!-- Generated by org.testng.reporters.JUnitReportReporter -->
<testsuite hostname="DESKTOP-26PVOVF" failures="0" tests="16" name="vn.pis.ui.tests.PIS4_MedicineList" time="11.720" errors="1" timestamp="2025-12-06T01:37:38 ICT" skipped="15">
  <testcase classname="vn.pis.ui.tests.PIS4_MedicineList" name="loginAndOpen" time="11.718">
    <error message="Expected condition failed: waiting for presence of element located by: By.xpath: //input[@placeholder=&#039;Tìm kiếm theo tên thuốc hoặc mã thuốc...&#039;] (tried for 10 second(s) with 500 milliseconds interval)" type="org.openqa.selenium.TimeoutException">
      <![CDATA[org.openqa.selenium.TimeoutException: Expected condition failed: waiting for presence of element located by: By.xpath: //input[@placeholder='Tìm kiếm theo tên thuốc hoặc mã thuốc...'] (tried for 10 second(s) with 500 milliseconds interval)
at org.openqa.selenium.support.ui.WebDriverWait.timeoutException(WebDriverWait.java:84)
at org.openqa.selenium.support.ui.FluentWait.until(FluentWait.java:228)
at vn.pis.ui.tests.PIS4_MedicineList.loginAndOpen(PIS4_MedicineList.java:57)
at java.base/jdk.internal.reflect.DirectMethodHandleAccessor.invoke(DirectMethodHandleAccessor.java:104)
at java.base/java.lang.reflect.Method.invoke(Method.java:578)
at org.testng.internal.invokers.MethodInvocationHelper.invokeMethod(MethodInvocationHelper.java:141)
at org.testng.internal.invokers.MethodInvocationHelper.invokeMethodConsideringTimeout(MethodInvocationHelper.java:71)
at org.testng.internal.invokers.ConfigInvoker.invokeConfigurationMethod(ConfigInvoker.java:400)
at org.testng.internal.invokers.ConfigInvoker.invokeConfigurations(ConfigInvoker.java:333)
at org.testng.internal.invokers.TestMethodWorker.invokeBeforeClassMethods(TestMethodWorker.java:188)
at org.testng.internal.invokers.TestMethodWorker.run(TestMethodWorker.java:128)
at java.base/java.util.ArrayList.forEach(ArrayList.java:1511)
at org.testng.TestRunner.privateRun(TestRunner.java:739)
at org.testng.TestRunner.run(TestRunner.java:614)
at org.testng.SuiteRunner.runTest(SuiteRunner.java:421)
at org.testng.SuiteRunner.runSequentially(SuiteRunner.java:413)
at org.testng.SuiteRunner.privateRun(SuiteRunner.java:373)
at org.testng.SuiteRunner.run(SuiteRunner.java:312)
at org.testng.SuiteRunnerWorker.runSuite(SuiteRunnerWorker.java:52)
at org.testng.SuiteRunnerWorker.run(SuiteRunnerWorker.java:95)
at org.testng.TestNG.runSuitesSequentially(TestNG.java:1274)
at org.testng.TestNG.runSuitesLocally(TestNG.java:1208)
at org.testng.TestNG.runSuites(TestNG.java:1112)
at org.testng.TestNG.run(TestNG.java:1079)
at org.testng.remote.AbstractRemoteTestNG.run(AbstractRemoteTestNG.java:115)
at org.testng.remote.RemoteTestNG.initAndRun(RemoteTestNG.java:293)
at org.testng.remote.RemoteTestNG.main(RemoteTestNG.java:91)
Caused by: org.openqa.selenium.NoSuchElementException: no such element: Unable to locate element: {"method":"xpath","selector":"//input[@placeholder='Tìm kiếm theo tên thuốc hoặc mã thuốc...']"}
  (Session info: chrome=142.0.7444.176)
For documentation on this error, please visit: https://www.selenium.dev/documentation/webdriver/troubleshooting/errors#no-such-element-exception
Build info: version: '4.24.0', revision: '748ffc9bc3'
System info: os.name: 'Windows 11', os.arch: 'amd64', os.version: '10.0', java.version: '20.0.2'
Driver info: org.openqa.selenium.chrome.ChromeDriver
Command: [5a6c7367025e95d0f9a44db44cc5fce5, findElement {value=//input[@placeholder='Tìm kiếm theo tên thuốc hoặc mã thuốc...'], using=xpath}]
Capabilities {acceptInsecureCerts: false, browserName: chrome, browserVersion: 142.0.7444.176, chrome: {chromedriverVersion: 142.0.7444.175 (302067f14a4..., userDataDir: C:\Users\DELL\AppData\Local...}, fedcm:accounts: true, goog:chromeOptions: {debuggerAddress: localhost:52823}, goog:processID: 17352, networkConnectionEnabled: false, pageLoadStrategy: normal, platformName: windows, proxy: Proxy(), se:cdp: ws://localhost:52823/devtoo..., se:cdpVersion: 142.0.7444.176, setWindowRect: true, strictFileInteractability: false, timeouts: {implicit: 0, pageLoad: 300000, script: 30000}, unhandledPromptBehavior: dismiss and notify, webauthn:extension:credBlob: true, webauthn:extension:largeBlob: true, webauthn:extension:minPinLength: true, webauthn:extension:prf: true, webauthn:virtualAuthenticators: true}
Session ID: 5a6c7367025e95d0f9a44db44cc5fce5
at java.base/jdk.internal.reflect.DirectConstructorHandleAccessor.newInstance(DirectConstructorHandleAccessor.java:67)
at java.base/java.lang.reflect.Constructor.newInstanceWithCaller(Constructor.java:500)
at java.base/java.lang.reflect.Constructor.newInstance(Constructor.java:484)
at org.openqa.selenium.remote.ErrorCodec.decode(ErrorCodec.java:167)
at org.openqa.selenium.remote.codec.w3c.W3CHttpResponseCodec.decode(W3CHttpResponseCodec.java:138)
at org.openqa.selenium.remote.codec.w3c.W3CHttpResponseCodec.decode(W3CHttpResponseCodec.java:50)
at org.openqa.selenium.remote.HttpCommandExecutor.execute(HttpCommandExecutor.java:190)
at org.openqa.selenium.remote.service.DriverCommandExecutor.invokeExecute(DriverCommandExecutor.java:216)
at org.openqa.selenium.remote.service.DriverCommandExecutor.execute(DriverCommandExecutor.java:174)
at org.openqa.selenium.remote.RemoteWebDriver.execute(RemoteWebDriver.java:545)
at org.openqa.selenium.remote.ElementLocation$ElementFinder$2.findElement(ElementLocation.java:165)
at org.openqa.selenium.remote.ElementLocation.findElement(ElementLocation.java:59)
at org.openqa.selenium.remote.RemoteWebDriver.findElement(RemoteWebDriver.java:368)
at org.openqa.selenium.remote.RemoteWebDriver.findElement(RemoteWebDriver.java:362)
at org.openqa.selenium.support.ui.ExpectedConditions$6.apply(ExpectedConditions.java:171)
at org.openqa.selenium.support.ui.ExpectedConditions$6.apply(ExpectedConditions.java:168)
at org.openqa.selenium.support.ui.FluentWait.until(FluentWait.java:203)
... 25 more
]]>
    </error>
  </testcase> <!-- loginAndOpen -->
  <testcase classname="vn.pis.ui.tests.PIS4_MedicineList" name="PIS_4_TC_01_displayTable" time="0.000">
    <skipped/>
  </testcase> <!-- PIS_4_TC_01_displayTable -->
  <testcase classname="vn.pis.ui.tests.PIS4_MedicineList" name="PIS_4_TC_04_searchByExistingCode" time="0.000">
    <skipped/>
  </testcase> <!-- PIS_4_TC_04_searchByExistingCode -->
  <testcase classname="vn.pis.ui.tests.PIS4_MedicineList" name="PIS_4_TC_05_searchCaseInsensitive" time="0.001">
    <skipped/>
  </testcase> <!-- PIS_4_TC_05_searchCaseInsensitive -->
  <testcase classname="vn.pis.ui.tests.PIS4_MedicineList" name="PIS_4_TC_06_searchNoResult" time="0.000">
    <skipped/>
  </testcase> <!-- PIS_4_TC_06_searchNoResult -->
  <testcase classname="vn.pis.ui.tests.PIS4_MedicineList" name="PIS_4_TC_07_filterByCategory" time="0.001">
    <skipped/>
  </testcase> <!-- PIS_4_TC_07_filterByCategory -->
  <testcase classname="vn.pis.ui.tests.PIS4_MedicineList" name="PIS_4_TC_08_filterBySupplier" time="0.000">
    <skipped/>
  </testcase> <!-- PIS_4_TC_08_filterBySupplier -->
  <testcase classname="vn.pis.ui.tests.PIS4_MedicineList" name="PIS_4_TC_09_filterByCategoryAndSupplier" time="0.000">
    <skipped/>
  </testcase> <!-- PIS_4_TC_09_filterByCategoryAndSupplier -->
  <testcase classname="vn.pis.ui.tests.PIS4_MedicineList" name="PIS_4_TC_10_filterWithSearch" time="0.000">
    <skipped/>
  </testcase> <!-- PIS_4_TC_10_filterWithSearch -->
  <testcase classname="vn.pis.ui.tests.PIS4_MedicineList" name="PIS_4_TC_11_clearAllFilters" time="0.000">
    <skipped/>
  </testcase> <!-- PIS_4_TC_11_clearAllFilters -->
  <testcase classname="vn.pis.ui.tests.PIS4_MedicineList" name="PIS_4_TC_12_changeRowsPerPage50" time="0.000">
    <skipped/>
  </testcase> <!-- PIS_4_TC_12_changeRowsPerPage50 -->
  <testcase classname="vn.pis.ui.tests.PIS4_MedicineList" name="PIS_4_TC_13_changeRowsPerPage100" time="0.000">
    <skipped/>
  </testcase> <!-- PIS_4_TC_13_changeRowsPerPage100 -->
  <testcase classname="vn.pis.ui.tests.PIS4_MedicineList" name="PIS_4_TC_14_changeRowsPerPageBackTo25" time="0.000">
    <skipped/>
  </testcase> <!-- PIS_4_TC_14_changeRowsPerPageBackTo25 -->
  <testcase classname="vn.pis.ui.tests.PIS4_MedicineList" name="PIS_4_TC_15_navigateNextPage" time="0.000">
    <skipped/>
  </testcase> <!-- PIS_4_TC_15_navigateNextPage -->
  <testcase classname="vn.pis.ui.tests.PIS4_MedicineList" name="PIS_4_TC_16_navigatePreviousPage" time="0.000">
    <skipped/>
  </testcase> <!-- PIS_4_TC_16_navigatePreviousPage -->
  <testcase classname="vn.pis.ui.tests.PIS4_MedicineList" name="PIS_4_TC_17_paginationWithFilter" time="0.000">
    <skipped/>
  </testcase> <!-- PIS_4_TC_17_paginationWithFilter -->
</testsuite> <!-- vn.pis.ui.tests.PIS4_MedicineList -->
