<?xml version="1.0" encoding="UTF-8"?>
<!-- Generated by org.testng.reporters.JUnitReportReporter -->
<testsuite hostname="DESKTOP-26PVOVF" failures="0" tests="8" name="vn.pis.ui.tests.PIS2_Categories" time="28.379" errors="0" timestamp="2025-11-13T11:50:29 ICT" skipped="0">
  <testcase classname="vn.pis.ui.tests.PIS2_Categories" name="TC01_OpenCategoriesPage" time="2.330">
    <system-out>
      <![CDATA[[PIS2][Listener] START: TC01_OpenCategoriesPage
[PIS2] MỞ trang login và đăng nhập
[PIS2] Đi tới trang Quản lý danh mục
[PIS2] Xác minh cột và nút cơ bản xuất hiện
[PIS2] TC01 OK
[PIS2][Listener] PASS : TC01_OpenCategoriesPage]]>
    </system-out>
  </testcase> <!-- TC01_OpenCategoriesPage -->
  <testcase classname="vn.pis.ui.tests.PIS2_Categories" name="TC02_AddCategory_Success" time="2.459">
    <system-out>
      <![CDATA[[PIS2][Listener] START: TC02_AddCategory_Success
[PIS2] Thêm danh mục mới: Cat-Auto-1763009403537
[PIS2] Feedback khi submit: Tạo danh mục thành công!
[PIS2] TC02 OK - Đã thêm thành công Cat-Auto-1763009403537
[PIS2][Listener] PASS : TC02_AddCategory_Success]]>
    </system-out>
  </testcase> <!-- TC02_AddCategory_Success -->
  <testcase classname="vn.pis.ui.tests.PIS2_Categories" name="TC03_AddCategory_EmptyName" time="5.435">
    <system-out>
      <![CDATA[[PIS2][Listener] START: TC03_AddCategory_EmptyName
[PIS2] Kiểm tra validate tên rỗng
[PIS2] Thông báo validate: Tên danh mục không được để trống
[PIS2] TC03 OK - Validate tên rỗng hoạt động
[PIS2][Listener] PASS : TC03_AddCategory_EmptyName]]>
    </system-out>
  </testcase> <!-- TC03_AddCategory_EmptyName -->
  <testcase classname="vn.pis.ui.tests.PIS2_Categories" name="TC04_AddCategory_DuplicateName" time="5.434">
    <system-out>
      <![CDATA[[PIS2][Listener] START: TC04_AddCategory_DuplicateName
[PIS2] Seed danh mục lần 1: Cat-Dup-1763009411434
[PIS2] Seed feedback: Tạo danh mục thành công!
[PIS2] Thêm trùng tên để kiểm tra duplicate
[PIS2] Duplicate feedback: Category with this name already exists
[PIS2] TC04 OK - Validate trùng tên hoạt động
[PIS2][Listener] PASS : TC04_AddCategory_DuplicateName]]>
    </system-out>
  </testcase> <!-- TC04_AddCategory_DuplicateName -->
  <testcase classname="vn.pis.ui.tests.PIS2_Categories" name="TC05_EditCategory_Success" time="4.284">
    <system-out>
      <![CDATA[[PIS2][Listener] START: TC05_EditCategory_Success
[PIS2] Seed danh mục để edit: Danh mục thử nghiệm-1763009416870
[PIS2] Seed feedback: Tạo danh mục thành công!
[PIS2] Mở popup Edit cho: Danh mục thử nghiệm-1763009416870
[PIS2] Update feedback: Cập nhật danh mục thành công!
[PIS2] Xác minh tên mới xuất hiện và tên cũ biến mất
[PIS2] TC05 OK - Cập nhật thành công
[PIS2][Listener] PASS : TC05_EditCategory_Success]]>
    </system-out>
  </testcase> <!-- TC05_EditCategory_Success -->
  <testcase classname="vn.pis.ui.tests.PIS2_Categories" name="TC06_DeleteCategory_WhenZeroDrug" time="3.708">
    <system-out>
      <![CDATA[[PIS2][Listener] START: TC06_DeleteCategory_WhenZeroDrug
[PIS2] Seed danh mục để xoá: Cat-Del0-1763009421156
[PIS2] Seed feedback: Tạo danh mục thành công!
[PIS2] Thực hiện xoá danh mục: Cat-Del0-1763009421156
[PIS2] Delete feedback: Xóa danh mục thành công!
[PIS2] TC06 OK - Đã xoá thành công
[PIS2][Listener] PASS : TC06_DeleteCategory_WhenZeroDrug]]>
    </system-out>
  </testcase> <!-- TC06_DeleteCategory_WhenZeroDrug -->
  <testcase classname="vn.pis.ui.tests.PIS2_Categories" name="TC07_SearchByName" time="2.477">
    <system-out>
      <![CDATA[[PIS2][Listener] START: TC07_SearchByName
[PIS2] Seed danh mục để search: Cat-Search-1763009424866
[PIS2] Seed feedback: Tạo danh mục thành công!
[PIS2] Tìm kiếm theo tên: Cat-Search-1763009424866
[PIS2] TC07 OK - Search hoạt động
[PIS2][Listener] PASS : TC07_SearchByName]]>
    </system-out>
  </testcase> <!-- TC07_SearchByName -->
  <testcase classname="vn.pis.ui.tests.PIS2_Categories" name="TC08_Pagination_PageSize" time="2.252">
    <system-out>
      <![CDATA[[PIS2][Listener] START: TC08_Pagination_PageSize
[PIS2] Trang hiện tại: 1/12 | Hiển thị 1-10 / 120
[PIS2] Bấm 'Sau' → đã chuyển trang
[PIS2] Trang mới: 2/12
[PIS2] Bấm 'Trước' → đã quay lại
[PIS2] Trang quay về: 1/12
[PIS2] TC08 OK - Phân trang vận hành
[PIS2][Listener] PASS : TC08_Pagination_PageSize]]>
    </system-out>
  </testcase> <!-- TC08_Pagination_PageSize -->
  <system-out>
    <![CDATA[[PIS2][Listener] BẮT ĐẦU SUITE: Default suite
[PIS2][Listener] Context start: Default test
[PIS2] ▶ BẮT ĐẦU TC: TC01_OpenCategoriesPage
[PIS2][Listener] START: TC01_OpenCategoriesPage
[PIS2] MỞ trang login và đăng nhập
[PIS2] Đi tới trang Quản lý danh mục
[PIS2] Xác minh cột và nút cơ bản xuất hiện
[PIS2] TC01 OK
[PIS2][Listener] PASS : TC01_OpenCategoriesPage
[PIS2] ■ KẾT THÚC TC: TC01_OpenCategoriesPage
[PIS2] ▶ BẮT ĐẦU TC: TC02_AddCategory_Success
[PIS2][Listener] START: TC02_AddCategory_Success
[PIS2] Thêm danh mục mới: Cat-Auto-1763009403537
[PIS2] Feedback khi submit: Tạo danh mục thành công!
[PIS2] TC02 OK - Đã thêm thành công Cat-Auto-1763009403537
[PIS2][Listener] PASS : TC02_AddCategory_Success
[PIS2] ■ KẾT THÚC TC: TC02_AddCategory_Success
[PIS2] ▶ BẮT ĐẦU TC: TC03_AddCategory_EmptyName
[PIS2][Listener] START: TC03_AddCategory_EmptyName
[PIS2] Kiểm tra validate tên rỗng
[PIS2] Thông báo validate: Tên danh mục không được để trống
[PIS2] TC03 OK - Validate tên rỗng hoạt động
[PIS2][Listener] PASS : TC03_AddCategory_EmptyName
[PIS2] ■ KẾT THÚC TC: TC03_AddCategory_EmptyName
[PIS2] ▶ BẮT ĐẦU TC: TC04_AddCategory_DuplicateName
[PIS2][Listener] START: TC04_AddCategory_DuplicateName
[PIS2] Seed danh mục lần 1: Cat-Dup-1763009411434
[PIS2] Seed feedback: Tạo danh mục thành công!
[PIS2] Thêm trùng tên để kiểm tra duplicate
[PIS2] Duplicate feedback: Category with this name already exists
[PIS2] TC04 OK - Validate trùng tên hoạt động
[PIS2][Listener] PASS : TC04_AddCategory_DuplicateName
[PIS2] ■ KẾT THÚC TC: TC04_AddCategory_DuplicateName
[PIS2] ▶ BẮT ĐẦU TC: TC05_EditCategory_Success
[PIS2][Listener] START: TC05_EditCategory_Success
[PIS2] Seed danh mục để edit: Danh mục thử nghiệm-1763009416870
[PIS2] Seed feedback: Tạo danh mục thành công!
[PIS2] Mở popup Edit cho: Danh mục thử nghiệm-1763009416870
[PIS2] Update feedback: Cập nhật danh mục thành công!
[PIS2] Xác minh tên mới xuất hiện và tên cũ biến mất
[PIS2] TC05 OK - Cập nhật thành công
[PIS2][Listener] PASS : TC05_EditCategory_Success
[PIS2] ■ KẾT THÚC TC: TC05_EditCategory_Success
[PIS2] ▶ BẮT ĐẦU TC: TC06_DeleteCategory_WhenZeroDrug
[PIS2][Listener] START: TC06_DeleteCategory_WhenZeroDrug
[PIS2] Seed danh mục để xoá: Cat-Del0-1763009421156
[PIS2] Seed feedback: Tạo danh mục thành công!
[PIS2] Thực hiện xoá danh mục: Cat-Del0-1763009421156
[PIS2] Delete feedback: Xóa danh mục thành công!
[PIS2] TC06 OK - Đã xoá thành công
[PIS2][Listener] PASS : TC06_DeleteCategory_WhenZeroDrug
[PIS2] ■ KẾT THÚC TC: TC06_DeleteCategory_WhenZeroDrug
[PIS2] ▶ BẮT ĐẦU TC: TC07_SearchByName
[PIS2][Listener] START: TC07_SearchByName
[PIS2] Seed danh mục để search: Cat-Search-1763009424866
[PIS2] Seed feedback: Tạo danh mục thành công!
[PIS2] Tìm kiếm theo tên: Cat-Search-1763009424866
[PIS2] TC07 OK - Search hoạt động
[PIS2][Listener] PASS : TC07_SearchByName
[PIS2] ■ KẾT THÚC TC: TC07_SearchByName
[PIS2] ▶ BẮT ĐẦU TC: TC08_Pagination_PageSize
[PIS2][Listener] START: TC08_Pagination_PageSize
[PIS2] Trang hiện tại: 1/12 | Hiển thị 1-10 / 120
[PIS2] Bấm 'Sau' → đã chuyển trang
[PIS2] Trang mới: 2/12
[PIS2] Bấm 'Trước' → đã quay lại
[PIS2] Trang quay về: 1/12
[PIS2] TC08 OK - Phân trang vận hành
[PIS2][Listener] PASS : TC08_Pagination_PageSize
[PIS2] ■ KẾT THÚC TC: TC08_Pagination_PageSize]]>
  </system-out>
</testsuite> <!-- vn.pis.ui.tests.PIS2_Categories -->
