<?xml version="1.0" encoding="UTF-8"?>
<!-- Generated by org.testng.reporters.JUnitReportReporter -->
<testsuite hostname="DESKTOP-26PVOVF" failures="0" tests="15" name="vn.pis.ui.tests.PIS10_Dashboard" time="16.736" errors="0" timestamp="2025-12-19T12:49:25 ICT" skipped="0">
  <testcase classname="vn.pis.ui.tests.PIS10_Dashboard" name="TC_001_load_dashboard_success" time="1.404"/>
  <testcase classname="vn.pis.ui.tests.PIS10_Dashboard" name="TC_002_show_dashboard_title_and_subtitle" time="0.848"/>
  <testcase classname="vn.pis.ui.tests.PIS10_Dashboard" name="TC_009_show_all_kpi_cards" time="1.064"/>
  <testcase classname="vn.pis.ui.tests.PIS10_Dashboard" name="TC_010_kpi_total_types_non_negative" time="0.998"/>
  <testcase classname="vn.pis.ui.tests.PIS10_Dashboard" name="TC_011_kpi_total_value_has_vnd_format" time="0.964"/>
  <testcase classname="vn.pis.ui.tests.PIS10_Dashboard" name="TC_012_kpi_expiring_non_negative" time="1.045"/>
  <testcase classname="vn.pis.ui.tests.PIS10_Dashboard" name="TC_013_kpi_below_min_non_negative" time="0.931"/>
  <testcase classname="vn.pis.ui.tests.PIS10_Dashboard" name="TC_014_kpi_icon_visible_and_color_correct" time="1.110"/>
  <testcase classname="vn.pis.ui.tests.PIS10_Dashboard" name="TC_015_chart_visible" time="1.311"/>
  <testcase classname="vn.pis.ui.tests.PIS10_Dashboard" name="TC_016_chart_xaxis_has_labels" time="1.419"/>
  <testcase classname="vn.pis.ui.tests.PIS10_Dashboard" name="TC_019_chart_has_at_least_one_bar" time="1.403"/>
  <testcase classname="vn.pis.ui.tests.PIS10_Dashboard" name="TC_018_chart_tooltip_on_hover" time="1.891"/>
  <testcase classname="vn.pis.ui.tests.PIS10_Dashboard" name="TC_020_alert_panel_visible" time="0.759"/>
  <testcase classname="vn.pis.ui.tests.PIS10_Dashboard" name="TC_021_023_alert_items_have_severity_or_empty" time="0.815"/>
  <testcase classname="vn.pis.ui.tests.PIS10_Dashboard" name="TC_029_no_horizontal_scroll" time="0.774"/>
  <system-out>
    <![CDATA[[PIS10] --- Đăng nhập hệ thống (Admin) ---
[PIS10] ▶ BẮT ĐẦU TC: TC_001_load_dashboard_success
[PIS10] ▶ BẮT ĐẦU TC: TC_002_show_dashboard_title_and_subtitle
[PIS10] ▶ BẮT ĐẦU TC: TC_009_show_all_kpi_cards
[PIS10] ▶ BẮT ĐẦU TC: TC_010_kpi_total_types_non_negative
[PIS10] ▶ BẮT ĐẦU TC: TC_011_kpi_total_value_has_vnd_format
[PIS10] ▶ BẮT ĐẦU TC: TC_012_kpi_expiring_non_negative
[PIS10] ▶ BẮT ĐẦU TC: TC_013_kpi_below_min_non_negative
[PIS10] ▶ BẮT ĐẦU TC: TC_014_kpi_icon_visible_and_color_correct
[PIS10] ▶ BẮT ĐẦU TC: TC_015_chart_visible
[PIS10] ▶ BẮT ĐẦU TC: TC_016_chart_xaxis_has_labels
[PIS10] ▶ BẮT ĐẦU TC: TC_019_chart_has_at_least_one_bar
[PIS10] ▶ BẮT ĐẦU TC: TC_018_chart_tooltip_on_hover
[PIS10] ▶ BẮT ĐẦU TC: TC_020_alert_panel_visible
[PIS10] ▶ BẮT ĐẦU TC: TC_021_023_alert_items_have_severity_or_empty
[PIS10] ▶ BẮT ĐẦU TC: TC_029_no_horizontal_scroll]]>
  </system-out>
</testsuite> <!-- vn.pis.ui.tests.PIS10_Dashboard -->
