<?xml version="1.0" encoding="UTF-8"?>
<!-- Generated by org.testng.reporters.JUnitReportReporter -->
<testsuite hostname="DESKTOP-26PVOVF" failures="0" tests="20" name="vn.pis.ui.tests.PIS7_InventoryHistory" time="49.729" errors="0" timestamp="2025-12-19T03:16:30 ICT" skipped="0">
  <testcase classname="vn.pis.ui.tests.PIS7_InventoryHistory" name="TC_001_VerifyTableStructure" time="0.925">
    <system-out>
      <![CDATA[[PIS2][Listener] START: TC_001_VerifyTableStructure
[PIS7] Header thực tế: [Loại, Thời gian, Số lô, Kho/Nguồn, Nơi nhận, Người tạo, Trạng thái, Hành động]
[PIS2][Listener] PASS : TC_001_VerifyTableStructure]]>
    </system-out>
  </testcase> <!-- TC_001_VerifyTableStructure -->
  <testcase classname="vn.pis.ui.tests.PIS7_InventoryHistory" name="TC_002_VerifyRowTypeIcon" time="0.434">
    <system-out>
      <![CDATA[[PIS2][Listener] START: TC_002_VerifyRowTypeIcon
[PIS7] ⚠ Bảng không có dữ liệu để kiểm tra icon.
[PIS2][Listener] PASS : TC_002_VerifyRowTypeIcon]]>
    </system-out>
  </testcase> <!-- TC_002_VerifyRowTypeIcon -->
  <testcase classname="vn.pis.ui.tests.PIS7_InventoryHistory" name="TC_003_Search_Export_Exist" time="1.713">
    <system-out>
      <![CDATA[[PIS2][Listener] START: TC_003_Search_Export_Exist
[PIS7] LOT lấy từ dòng 1 (Xuất kho): SL13
[PIS2][Listener] PASS : TC_003_Search_Export_Exist]]>
    </system-out>
  </testcase> <!-- TC_003_Search_Export_Exist -->
  <testcase classname="vn.pis.ui.tests.PIS7_InventoryHistory" name="TC_004_Search_Import_Exist" time="1.809">
    <system-out>
      <![CDATA[[PIS2][Listener] START: TC_004_Search_Import_Exist
[PIS7] LOT lấy từ dòng 1 (Nhập kho): SL13
[PIS2][Listener] PASS : TC_004_Search_Import_Exist]]>
    </system-out>
  </testcase> <!-- TC_004_Search_Import_Exist -->
  <testcase classname="vn.pis.ui.tests.PIS7_InventoryHistory" name="TC_005_Search_Export_NotExist" time="1.352">
    <system-out>
      <![CDATA[[PIS2][Listener] START: TC_005_Search_Export_NotExist
[PIS2][Listener] PASS : TC_005_Search_Export_NotExist]]>
    </system-out>
  </testcase> <!-- TC_005_Search_Export_NotExist -->
  <testcase classname="vn.pis.ui.tests.PIS7_InventoryHistory" name="TC_006_Search_Import_NotExist" time="1.693">
    <system-out>
      <![CDATA[[PIS2][Listener] START: TC_006_Search_Import_NotExist
[PIS2][Listener] PASS : TC_006_Search_Import_NotExist]]>
    </system-out>
  </testcase> <!-- TC_006_Search_Import_NotExist -->
  <testcase classname="vn.pis.ui.tests.PIS7_InventoryHistory" name="TC_007_Search_TrimSpaces" time="0.355">
    <system-out>
      <![CDATA[[PIS2][Listener] START: TC_007_Search_TrimSpaces
[PIS7] ⚠ Không có dữ liệu để test trim search.
[PIS2][Listener] PASS : TC_007_Search_TrimSpaces]]>
    </system-out>
  </testcase> <!-- TC_007_Search_TrimSpaces -->
  <testcase classname="vn.pis.ui.tests.PIS7_InventoryHistory" name="TC_008_Search_SpecialCharacters" time="1.641">
    <system-out>
      <![CDATA[[PIS2][Listener] START: TC_008_Search_SpecialCharacters
[PIS2][Listener] PASS : TC_008_Search_SpecialCharacters]]>
    </system-out>
  </testcase> <!-- TC_008_Search_SpecialCharacters -->
  <testcase classname="vn.pis.ui.tests.PIS7_InventoryHistory" name="TC_009_Filter_Import" time="0.369">
    <system-out>
      <![CDATA[[PIS2][Listener] START: TC_009_Filter_Import
[PIS7] ⚠ Không có dữ liệu Nhập kho để kiểm tra.
[PIS2][Listener] PASS : TC_009_Filter_Import]]>
    </system-out>
  </testcase> <!-- TC_009_Filter_Import -->
  <testcase classname="vn.pis.ui.tests.PIS7_InventoryHistory" name="TC_010_Filter_Export" time="0.392">
    <system-out>
      <![CDATA[[PIS2][Listener] START: TC_010_Filter_Export
[PIS7] ⚠ Không có dữ liệu Xuất kho.
[PIS2][Listener] PASS : TC_010_Filter_Export]]>
    </system-out>
  </testcase> <!-- TC_010_Filter_Export -->
  <testcase classname="vn.pis.ui.tests.PIS7_InventoryHistory" name="TC_011_Filter_TimeRange_30Days" time="8.660">
    <system-out>
      <![CDATA[[PIS2][Listener] START: TC_011_Filter_TimeRange_30Days
[PIS7] Số bản ghi trong 30 ngày qua (Nhập kho): 10
[PIS2][Listener] PASS : TC_011_Filter_TimeRange_30Days]]>
    </system-out>
  </testcase> <!-- TC_011_Filter_TimeRange_30Days -->
  <testcase classname="vn.pis.ui.tests.PIS7_InventoryHistory" name="TC_012_PageSize_50" time="9.448">
    <system-out>
      <![CDATA[[PIS2][Listener] START: TC_012_PageSize_50
[PIS2][Listener] PASS : TC_012_PageSize_50]]>
    </system-out>
  </testcase> <!-- TC_012_PageSize_50 -->
  <testcase classname="vn.pis.ui.tests.PIS7_InventoryHistory" name="TC_013_PageSize_25" time="8.997">
    <system-out>
      <![CDATA[[PIS2][Listener] START: TC_013_PageSize_25
[PIS2][Listener] PASS : TC_013_PageSize_25]]>
    </system-out>
  </testcase> <!-- TC_013_PageSize_25 -->
  <testcase classname="vn.pis.ui.tests.PIS7_InventoryHistory" name="TC_014_PageSize_100" time="8.944">
    <system-out>
      <![CDATA[[PIS2][Listener] START: TC_014_PageSize_100
[PIS2][Listener] PASS : TC_014_PageSize_100]]>
    </system-out>
  </testcase> <!-- TC_014_PageSize_100 -->
  <testcase classname="vn.pis.ui.tests.PIS7_InventoryHistory" name="TC_015_PreviousDisabled_OnFirstPage" time="1.283">
    <system-out>
      <![CDATA[[PIS2][Listener] START: TC_015_PreviousDisabled_OnFirstPage
[PIS2][Listener] PASS : TC_015_PreviousDisabled_OnFirstPage]]>
    </system-out>
  </testcase> <!-- TC_015_PreviousDisabled_OnFirstPage -->
  <testcase classname="vn.pis.ui.tests.PIS7_InventoryHistory" name="TC_016_NavigateToNextPage" time="0.341">
    <system-out>
      <![CDATA[[PIS2][Listener] START: TC_016_NavigateToNextPage
[PIS7] ⚠ Không đủ dữ liệu để kiểm tra nút 'Sau'.
[PIS2][Listener] PASS : TC_016_NavigateToNextPage]]>
    </system-out>
  </testcase> <!-- TC_016_NavigateToNextPage -->
  <testcase classname="vn.pis.ui.tests.PIS7_InventoryHistory" name="TC_017_NavigateToPreviousPage" time="0.346">
    <system-out>
      <![CDATA[[PIS2][Listener] START: TC_017_NavigateToPreviousPage
[PIS7] ⚠ Không đủ dữ liệu để kiểm tra nút 'Trước'.
[PIS2][Listener] PASS : TC_017_NavigateToPreviousPage]]>
    </system-out>
  </testcase> <!-- TC_017_NavigateToPreviousPage -->
  <testcase classname="vn.pis.ui.tests.PIS7_InventoryHistory" name="TC_018_NextDisabled_OnLastPage" time="0.364">
    <system-out>
      <![CDATA[[PIS2][Listener] START: TC_018_NextDisabled_OnLastPage
[PIS7] Đang ở trang cuối (hoặc chỉ có 1 trang) -> OK
[PIS2][Listener] PASS : TC_018_NextDisabled_OnLastPage]]>
    </system-out>
  </testcase> <!-- TC_018_NextDisabled_OnLastPage -->
  <testcase classname="vn.pis.ui.tests.PIS7_InventoryHistory" name="TC_019_VerifyDataConsistency" time="0.339">
    <system-out>
      <![CDATA[[PIS2][Listener] START: TC_019_VerifyDataConsistency
[PIS7] ⚠ Không có dữ liệu để verify chi tiết.
[PIS2][Listener] PASS : TC_019_VerifyDataConsistency]]>
    </system-out>
  </testcase> <!-- TC_019_VerifyDataConsistency -->
  <testcase classname="vn.pis.ui.tests.PIS7_InventoryHistory" name="TC_020_OpenAndCloseDetailModal" time="0.324">
    <system-out>
      <![CDATA[[PIS2][Listener] START: TC_020_OpenAndCloseDetailModal
[PIS7] ⚠ Không có dữ liệu để test modal.
[PIS2][Listener] PASS : TC_020_OpenAndCloseDetailModal]]>
    </system-out>
  </testcase> <!-- TC_020_OpenAndCloseDetailModal -->
  <system-out>
    <![CDATA[[PIS2][Listener] BẮT ĐẦU SUITE: Default suite
[PIS2][Listener] Context start: Default test
[PIS7] --- Đăng nhập hệ thống (Admin) ---
[PIS7] ▶ BẮT ĐẦU TC: TC_001_VerifyTableStructure
[PIS2][Listener] START: TC_001_VerifyTableStructure
[PIS7] Header thực tế: [Loại, Thời gian, Số lô, Kho/Nguồn, Nơi nhận, Người tạo, Trạng thái, Hành động]
[PIS2][Listener] PASS : TC_001_VerifyTableStructure
[PIS7] ▶ BẮT ĐẦU TC: TC_002_VerifyRowTypeIcon
[PIS2][Listener] START: TC_002_VerifyRowTypeIcon
[PIS7] ⚠ Bảng không có dữ liệu để kiểm tra icon.
[PIS2][Listener] PASS : TC_002_VerifyRowTypeIcon
[PIS7] ▶ BẮT ĐẦU TC: TC_003_Search_Export_Exist
[PIS2][Listener] START: TC_003_Search_Export_Exist
[PIS7] LOT lấy từ dòng 1 (Xuất kho): SL13
[PIS2][Listener] PASS : TC_003_Search_Export_Exist
[PIS7] ▶ BẮT ĐẦU TC: TC_004_Search_Import_Exist
[PIS2][Listener] START: TC_004_Search_Import_Exist
[PIS7] LOT lấy từ dòng 1 (Nhập kho): SL13
[PIS2][Listener] PASS : TC_004_Search_Import_Exist
[PIS7] ▶ BẮT ĐẦU TC: TC_005_Search_Export_NotExist
[PIS2][Listener] START: TC_005_Search_Export_NotExist
[PIS2][Listener] PASS : TC_005_Search_Export_NotExist
[PIS7] ▶ BẮT ĐẦU TC: TC_006_Search_Import_NotExist
[PIS2][Listener] START: TC_006_Search_Import_NotExist
[PIS2][Listener] PASS : TC_006_Search_Import_NotExist
[PIS7] ▶ BẮT ĐẦU TC: TC_007_Search_TrimSpaces
[PIS2][Listener] START: TC_007_Search_TrimSpaces
[PIS7] ⚠ Không có dữ liệu để test trim search.
[PIS2][Listener] PASS : TC_007_Search_TrimSpaces
[PIS7] ▶ BẮT ĐẦU TC: TC_008_Search_SpecialCharacters
[PIS2][Listener] START: TC_008_Search_SpecialCharacters
[PIS2][Listener] PASS : TC_008_Search_SpecialCharacters
[PIS7] ▶ BẮT ĐẦU TC: TC_009_Filter_Import
[PIS2][Listener] START: TC_009_Filter_Import
[PIS7] ⚠ Không có dữ liệu Nhập kho để kiểm tra.
[PIS2][Listener] PASS : TC_009_Filter_Import
[PIS7] ▶ BẮT ĐẦU TC: TC_010_Filter_Export
[PIS2][Listener] START: TC_010_Filter_Export
[PIS7] ⚠ Không có dữ liệu Xuất kho.
[PIS2][Listener] PASS : TC_010_Filter_Export
[PIS7] ▶ BẮT ĐẦU TC: TC_011_Filter_TimeRange_30Days
[PIS2][Listener] START: TC_011_Filter_TimeRange_30Days
[PIS7] Số bản ghi trong 30 ngày qua (Nhập kho): 10
[PIS2][Listener] PASS : TC_011_Filter_TimeRange_30Days
[PIS7] ▶ BẮT ĐẦU TC: TC_012_PageSize_50
[PIS2][Listener] START: TC_012_PageSize_50
[PIS2][Listener] PASS : TC_012_PageSize_50
[PIS7] ▶ BẮT ĐẦU TC: TC_013_PageSize_25
[PIS2][Listener] START: TC_013_PageSize_25
[PIS2][Listener] PASS : TC_013_PageSize_25
[PIS7] ▶ BẮT ĐẦU TC: TC_014_PageSize_100
[PIS2][Listener] START: TC_014_PageSize_100
[PIS2][Listener] PASS : TC_014_PageSize_100
[PIS7] ▶ BẮT ĐẦU TC: TC_015_PreviousDisabled_OnFirstPage
[PIS2][Listener] START: TC_015_PreviousDisabled_OnFirstPage
[PIS2][Listener] PASS : TC_015_PreviousDisabled_OnFirstPage
[PIS7] ▶ BẮT ĐẦU TC: TC_016_NavigateToNextPage
[PIS2][Listener] START: TC_016_NavigateToNextPage
[PIS7] ⚠ Không đủ dữ liệu để kiểm tra nút 'Sau'.
[PIS2][Listener] PASS : TC_016_NavigateToNextPage
[PIS7] ▶ BẮT ĐẦU TC: TC_017_NavigateToPreviousPage
[PIS2][Listener] START: TC_017_NavigateToPreviousPage
[PIS7] ⚠ Không đủ dữ liệu để kiểm tra nút 'Trước'.
[PIS2][Listener] PASS : TC_017_NavigateToPreviousPage
[PIS7] ▶ BẮT ĐẦU TC: TC_018_NextDisabled_OnLastPage
[PIS2][Listener] START: TC_018_NextDisabled_OnLastPage
[PIS7] Đang ở trang cuối (hoặc chỉ có 1 trang) -> OK
[PIS2][Listener] PASS : TC_018_NextDisabled_OnLastPage
[PIS7] ▶ BẮT ĐẦU TC: TC_019_VerifyDataConsistency
[PIS2][Listener] START: TC_019_VerifyDataConsistency
[PIS7] ⚠ Không có dữ liệu để verify chi tiết.
[PIS2][Listener] PASS : TC_019_VerifyDataConsistency
[PIS7] ▶ BẮT ĐẦU TC: TC_020_OpenAndCloseDetailModal
[PIS2][Listener] START: TC_020_OpenAndCloseDetailModal
[PIS7] ⚠ Không có dữ liệu để test modal.
[PIS2][Listener] PASS : TC_020_OpenAndCloseDetailModal]]>
  </system-out>
</testsuite> <!-- vn.pis.ui.tests.PIS7_InventoryHistory -->
