<?xml version="1.0" encoding="UTF-8"?>
<!-- Generated by org.testng.reporters.JUnitReportReporter -->
<testsuite hostname="DESKTOP-26PVOVF" failures="0" tests="10" name="vn.pis.ui.tests.PIS7_InventoryHistory" time="51.646" errors="0" timestamp="2025-12-06T02:10:09 ICT" skipped="0">
  <testcase classname="vn.pis.ui.tests.PIS7_InventoryHistory" name="TC01_VerifyTableStructure" time="1.350">
    <system-out>
      <![CDATA[[PIS2][Listener] START: TC01_VerifyTableStructure
[PIS7] Header thực tế: [Loại, Thời gian, Kho, Khoa/Phòng, Người tạo, Trạng thái, Hành động]
[PIS2][Listener] PASS : TC01_VerifyTableStructure]]>
    </system-out>
  </testcase> <!-- TC01_VerifyTableStructure -->
  <testcase classname="vn.pis.ui.tests.PIS7_InventoryHistory" name="TC06_Filter_Import" time="1.333">
    <system-out>
      <![CDATA[[PIS2][Listener] START: TC06_Filter_Import
[PIS2][Listener] PASS : TC06_Filter_Import]]>
    </system-out>
  </testcase> <!-- TC06_Filter_Import -->
  <testcase classname="vn.pis.ui.tests.PIS7_InventoryHistory" name="TC07_Filter_Export" time="1.493">
    <system-out>
      <![CDATA[[PIS2][Listener] START: TC07_Filter_Export
[PIS2][Listener] PASS : TC07_Filter_Export]]>
    </system-out>
  </testcase> <!-- TC07_Filter_Export -->
  <testcase classname="vn.pis.ui.tests.PIS7_InventoryHistory" name="TC05_Filter_All" time="6.734">
    <system-out>
      <![CDATA[[PIS2][Listener] START: TC05_Filter_All
[PIS7] Số lượng giao dịch tìm thấy (Tất cả): 1
[PIS2][Listener] PASS : TC05_Filter_All]]>
    </system-out>
  </testcase> <!-- TC05_Filter_All -->
  <testcase classname="vn.pis.ui.tests.PIS7_InventoryHistory" name="TC02_VerifyRowTypeIcon" time="3.215">
    <system-out>
      <![CDATA[[PIS2][Listener] START: TC02_VerifyRowTypeIcon
[PIS7] Dữ liệu cột Loại dòng 1 đang hiển thị: Xuất kho
[PIS7] Check Icon dòng 1 -> Is Import? false | Is Export? true
[PIS2][Listener] PASS : TC02_VerifyRowTypeIcon]]>
    </system-out>
  </testcase> <!-- TC02_VerifyRowTypeIcon -->
  <testcase classname="vn.pis.ui.tests.PIS7_InventoryHistory" name="TC08_Filter_TimeRange" time="8.059">
    <system-out>
      <![CDATA[[PIS2][Listener] START: TC08_Filter_TimeRange
[PIS7] Số bản ghi trong 30 ngày qua: 10
[PIS2][Listener] PASS : TC08_Filter_TimeRange]]>
    </system-out>
  </testcase> <!-- TC08_Filter_TimeRange -->
  <testcase classname="vn.pis.ui.tests.PIS7_InventoryHistory" name="TC08_NavigateToNextPage" time="3.156">
    <system-out>
      <![CDATA[[PIS2][Listener] START: TC08_NavigateToNextPage
[PIS7] ⚠ Không đủ dữ liệu (>10 dòng) hoặc đã ở trang cuối để kiểm tra nút 'Sau'.
[PIS2][Listener] PASS : TC08_NavigateToNextPage]]>
    </system-out>
  </testcase> <!-- TC08_NavigateToNextPage -->
  <testcase classname="vn.pis.ui.tests.PIS7_InventoryHistory" name="TC09_NavigateToPreviousPage" time="4.817">
    <system-out>
      <![CDATA[[PIS2][Listener] START: TC09_NavigateToPreviousPage
[PIS7] Dữ liệu dòng 1 (Trang 2): Xuất kho5/12/2025
20:25
[PIS7] Dữ liệu dòng 1 (Trang 1): Xuất kho11/12/2025
14:23
[PIS2][Listener] PASS : TC09_NavigateToPreviousPage]]>
    </system-out>
  </testcase> <!-- TC09_NavigateToPreviousPage -->
  <testcase classname="vn.pis.ui.tests.PIS7_InventoryHistory" name="TC09_PaginationSize" time="9.212">
    <system-out>
      <![CDATA[[PIS2][Listener] START: TC09_PaginationSize
[PIS2][Listener] PASS : TC09_PaginationSize]]>
    </system-out>
  </testcase> <!-- TC09_PaginationSize -->
  <testcase classname="vn.pis.ui.tests.PIS7_InventoryHistory" name="TC12_VerifyDataConsistency" time="12.277">
    <system-out>
      <![CDATA[[PIS2][Listener] START: TC12_VerifyDataConsistency
[PIS7] Giá trị ở danh sách (Cột 3 - Kho): 
[PIS7] ⚠ Lỗi verify chi tiết: Expected condition failed: waiting for element to be clickable: By.xpath: (//table//tbody/tr)[1]//button[contains(.,'Xem') or .//*[name()='svg']] (tried for 5 second(s) with 500 milliseconds interval)
Build info: version: '4.24.0', revision: '748ffc9bc3'
System info: os.name: 'Windows 11', os.arch: 'amd64', os.version: '10.0', java.version: '20.0.2'
Driver info: org.openqa.selenium.chrome.ChromeDriver
Capabilities {acceptInsecureCerts: false, browserName: chrome, browserVersion: 142.0.7444.176, chrome: {chromedriverVersion: 142.0.7444.175 (302067f14a4..., userDataDir: C:\Users\DELL\AppData\Local...}, fedcm:accounts: true, goog:chromeOptions: {debuggerAddress: localhost:57514}, goog:processID: 24836, networkConnectionEnabled: false, pageLoadStrategy: normal, platformName: windows, proxy: Proxy(), se:cdp: ws://localhost:57514/devtoo..., se:cdpVersion: 142.0.7444.176, setWindowRect: true, strictFileInteractability: false, timeouts: {implicit: 0, pageLoad: 300000, script: 30000}, unhandledPromptBehavior: dismiss and notify, webauthn:extension:credBlob: true, webauthn:extension:largeBlob: true, webauthn:extension:minPinLength: true, webauthn:extension:prf: true, webauthn:virtualAuthenticators: true}
Session ID: 584494fb04ddf5bac56c2c95112968e8
[PIS2][Listener] PASS : TC12_VerifyDataConsistency]]>
    </system-out>
  </testcase> <!-- TC12_VerifyDataConsistency -->
  <system-out>
    <![CDATA[[PIS2][Listener] BẮT ĐẦU SUITE: Default suite
[PIS2][Listener] Context start: Default test
[PIS7] --- Đăng nhập hệ thống (Admin) ---
[PIS7] ▶ BẮT ĐẦU TC: TC01_VerifyTableStructure
[PIS2][Listener] START: TC01_VerifyTableStructure
[PIS7] Header thực tế: [Loại, Thời gian, Kho, Khoa/Phòng, Người tạo, Trạng thái, Hành động]
[PIS2][Listener] PASS : TC01_VerifyTableStructure
[PIS7] ▶ BẮT ĐẦU TC: TC06_Filter_Import
[PIS2][Listener] START: TC06_Filter_Import
[PIS2][Listener] PASS : TC06_Filter_Import
[PIS7] ▶ BẮT ĐẦU TC: TC07_Filter_Export
[PIS2][Listener] START: TC07_Filter_Export
[PIS2][Listener] PASS : TC07_Filter_Export
[PIS7] ▶ BẮT ĐẦU TC: TC05_Filter_All
[PIS2][Listener] START: TC05_Filter_All
[PIS7] Số lượng giao dịch tìm thấy (Tất cả): 1
[PIS2][Listener] PASS : TC05_Filter_All
[PIS7] ▶ BẮT ĐẦU TC: TC02_VerifyRowTypeIcon
[PIS2][Listener] START: TC02_VerifyRowTypeIcon
[PIS7] Dữ liệu cột Loại dòng 1 đang hiển thị: Xuất kho
[PIS7] Check Icon dòng 1 -> Is Import? false | Is Export? true
[PIS2][Listener] PASS : TC02_VerifyRowTypeIcon
[PIS7] ▶ BẮT ĐẦU TC: TC08_Filter_TimeRange
[PIS2][Listener] START: TC08_Filter_TimeRange
[PIS7] Số bản ghi trong 30 ngày qua: 10
[PIS2][Listener] PASS : TC08_Filter_TimeRange
[PIS7] ▶ BẮT ĐẦU TC: TC08_NavigateToNextPage
[PIS2][Listener] START: TC08_NavigateToNextPage
[PIS7] ⚠ Không đủ dữ liệu (>10 dòng) hoặc đã ở trang cuối để kiểm tra nút 'Sau'.
[PIS2][Listener] PASS : TC08_NavigateToNextPage
[PIS7] ▶ BẮT ĐẦU TC: TC09_NavigateToPreviousPage
[PIS2][Listener] START: TC09_NavigateToPreviousPage
[PIS7] Dữ liệu dòng 1 (Trang 2): Xuất kho5/12/2025
20:25
[PIS7] Dữ liệu dòng 1 (Trang 1): Xuất kho11/12/2025
14:23
[PIS2][Listener] PASS : TC09_NavigateToPreviousPage
[PIS7] ▶ BẮT ĐẦU TC: TC09_PaginationSize
[PIS2][Listener] START: TC09_PaginationSize
[PIS2][Listener] PASS : TC09_PaginationSize
[PIS7] ▶ BẮT ĐẦU TC: TC12_VerifyDataConsistency
[PIS2][Listener] START: TC12_VerifyDataConsistency
[PIS7] Giá trị ở danh sách (Cột 3 - Kho): 
[PIS7] ⚠ Lỗi verify chi tiết: Expected condition failed: waiting for element to be clickable: By.xpath: (//table//tbody/tr)[1]//button[contains(.,'Xem') or .//*[name()='svg']] (tried for 5 second(s) with 500 milliseconds interval)
Build info: version: '4.24.0', revision: '748ffc9bc3'
System info: os.name: 'Windows 11', os.arch: 'amd64', os.version: '10.0', java.version: '20.0.2'
Driver info: org.openqa.selenium.chrome.ChromeDriver
Capabilities {acceptInsecureCerts: false, browserName: chrome, browserVersion: 142.0.7444.176, chrome: {chromedriverVersion: 142.0.7444.175 (302067f14a4..., userDataDir: C:\Users\DELL\AppData\Local...}, fedcm:accounts: true, goog:chromeOptions: {debuggerAddress: localhost:57514}, goog:processID: 24836, networkConnectionEnabled: false, pageLoadStrategy: normal, platformName: windows, proxy: Proxy(), se:cdp: ws://localhost:57514/devtoo..., se:cdpVersion: 142.0.7444.176, setWindowRect: true, strictFileInteractability: false, timeouts: {implicit: 0, pageLoad: 300000, script: 30000}, unhandledPromptBehavior: dismiss and notify, webauthn:extension:credBlob: true, webauthn:extension:largeBlob: true, webauthn:extension:minPinLength: true, webauthn:extension:prf: true, webauthn:virtualAuthenticators: true}
Session ID: 584494fb04ddf5bac56c2c95112968e8
[PIS2][Listener] PASS : TC12_VerifyDataConsistency]]>
  </system-out>
</testsuite> <!-- vn.pis.ui.tests.PIS7_InventoryHistory -->
