<?xml version="1.0" encoding="UTF-8"?>
<!-- Generated by org.testng.reporters.JUnitReportReporter -->
<testsuite hostname="DESKTOP-26PVOVF" failures="1" tests="4" name="vn.pis.ui.tests.PIS6_Export" time="48.397" errors="1" timestamp="2025-12-01T22:38:33 ICT" skipped="0">
  <testcase classname="vn.pis.ui.tests.PIS6_Export" name="TC01_OpenPage" time="10.409">
    <system-out>
      <![CDATA[[PIS2][Listener] START: TC01_OpenPage
[PIS2][Listener] PASS : TC01_OpenPage]]>
    </system-out>
  </testcase> <!-- TC01_OpenPage -->
  <testcase classname="vn.pis.ui.tests.PIS6_Export" name="TC02_FillGeneralInfo" time="11.018">
    <system-out>
      <![CDATA[[PIS2][Listener] START: TC02_FillGeneralInfo
[PIS6] General Info OK
[PIS2][Listener] PASS : TC02_FillGeneralInfo]]>
    </system-out>
  </testcase> <!-- TC02_FillGeneralInfo -->
  <testcase classname="vn.pis.ui.tests.PIS6_Export" name="TC03_AddMedicineAndCalc" time="16.071">
    <error message="❌ LỖI: Gõ &#039;Salonpas&#039; nhưng không thấy menu gợi ý (hoặc API lỗi)!" type="java.lang.RuntimeException">
      <![CDATA[java.lang.RuntimeException: ❌ LỖI: Gõ 'Salonpas' nhưng không thấy menu gợi ý (hoặc API lỗi)!
at vn.pis.ui.pages.ExportReceipt.fillMedicine(ExportReceipt.java:567)
at vn.pis.ui.tests.PIS6_Export.TC03_AddMedicineAndCalc(PIS6_Export.java:92)
at java.base/jdk.internal.reflect.DirectMethodHandleAccessor.invoke(DirectMethodHandleAccessor.java:104)
at java.base/java.lang.reflect.Method.invoke(Method.java:578)
at org.testng.internal.invokers.MethodInvocationHelper.invokeMethod(MethodInvocationHelper.java:141)
at org.testng.internal.invokers.TestInvoker.invokeMethod(TestInvoker.java:686)
at org.testng.internal.invokers.TestInvoker.invokeTestMethod(TestInvoker.java:230)
at org.testng.internal.invokers.MethodRunner.runInSequence(MethodRunner.java:63)
at org.testng.internal.invokers.TestInvoker$MethodInvocationAgent.invoke(TestInvoker.java:992)
at org.testng.internal.invokers.TestInvoker.invokeTestMethods(TestInvoker.java:203)
at org.testng.internal.invokers.TestMethodWorker.invokeTestMethods(TestMethodWorker.java:154)
at org.testng.internal.invokers.TestMethodWorker.run(TestMethodWorker.java:134)
at java.base/java.util.ArrayList.forEach(ArrayList.java:1511)
at org.testng.TestRunner.privateRun(TestRunner.java:739)
at org.testng.TestRunner.run(TestRunner.java:614)
at org.testng.SuiteRunner.runTest(SuiteRunner.java:421)
at org.testng.SuiteRunner.runSequentially(SuiteRunner.java:413)
at org.testng.SuiteRunner.privateRun(SuiteRunner.java:373)
at org.testng.SuiteRunner.run(SuiteRunner.java:312)
at org.testng.SuiteRunnerWorker.runSuite(SuiteRunnerWorker.java:52)
at org.testng.SuiteRunnerWorker.run(SuiteRunnerWorker.java:95)
at org.testng.TestNG.runSuitesSequentially(TestNG.java:1274)
at org.testng.TestNG.runSuitesLocally(TestNG.java:1208)
at org.testng.TestNG.runSuites(TestNG.java:1112)
at org.testng.TestNG.run(TestNG.java:1079)
at org.testng.remote.AbstractRemoteTestNG.run(AbstractRemoteTestNG.java:115)
at org.testng.remote.RemoteTestNG.initAndRun(RemoteTestNG.java:293)
at org.testng.remote.RemoteTestNG.main(RemoteTestNG.java:91)
]]>
    </error>
    <system-out>
      <![CDATA[[PIS2][Listener] START: TC03_AddMedicineAndCalc
[PIS2][Listener] FAIL : TC03_AddMedicineAndCalc | java.lang.RuntimeException: ❌ LỖI: Gõ 'Salonpas' nhưng không thấy menu gợi ý (hoặc API lỗi)!]]>
    </system-out>
  </testcase> <!-- TC03_AddMedicineAndCalc -->
  <testcase classname="vn.pis.ui.tests.PIS6_Export" name="TC04_SaveSuccess" time="10.899">
    <failure message="Modal thành công không hiện! expected [true] but found [false]" type="java.lang.AssertionError">
      <![CDATA[java.lang.AssertionError: Modal thành công không hiện! expected [true] but found [false]
at org.testng.Assert.fail(Assert.java:111)
at org.testng.Assert.failNotEquals(Assert.java:1578)
at org.testng.Assert.assertTrue(Assert.java:57)
at vn.pis.ui.tests.PIS6_Export.TC04_SaveSuccess(PIS6_Export.java:121)
at java.base/jdk.internal.reflect.DirectMethodHandleAccessor.invoke(DirectMethodHandleAccessor.java:104)
at java.base/java.lang.reflect.Method.invoke(Method.java:578)
at org.testng.internal.invokers.MethodInvocationHelper.invokeMethod(MethodInvocationHelper.java:141)
at org.testng.internal.invokers.TestInvoker.invokeMethod(TestInvoker.java:686)
at org.testng.internal.invokers.TestInvoker.invokeTestMethod(TestInvoker.java:230)
at org.testng.internal.invokers.MethodRunner.runInSequence(MethodRunner.java:63)
at org.testng.internal.invokers.TestInvoker$MethodInvocationAgent.invoke(TestInvoker.java:992)
at org.testng.internal.invokers.TestInvoker.invokeTestMethods(TestInvoker.java:203)
at org.testng.internal.invokers.TestMethodWorker.invokeTestMethods(TestMethodWorker.java:154)
at org.testng.internal.invokers.TestMethodWorker.run(TestMethodWorker.java:134)
at java.base/java.util.ArrayList.forEach(ArrayList.java:1511)
at org.testng.TestRunner.privateRun(TestRunner.java:739)
at org.testng.TestRunner.run(TestRunner.java:614)
at org.testng.SuiteRunner.runTest(SuiteRunner.java:421)
at org.testng.SuiteRunner.runSequentially(SuiteRunner.java:413)
at org.testng.SuiteRunner.privateRun(SuiteRunner.java:373)
at org.testng.SuiteRunner.run(SuiteRunner.java:312)
at org.testng.SuiteRunnerWorker.runSuite(SuiteRunnerWorker.java:52)
at org.testng.SuiteRunnerWorker.run(SuiteRunnerWorker.java:95)
at org.testng.TestNG.runSuitesSequentially(TestNG.java:1274)
at org.testng.TestNG.runSuitesLocally(TestNG.java:1208)
at org.testng.TestNG.runSuites(TestNG.java:1112)
at org.testng.TestNG.run(TestNG.java:1079)
at org.testng.remote.AbstractRemoteTestNG.run(AbstractRemoteTestNG.java:115)
at org.testng.remote.RemoteTestNG.initAndRun(RemoteTestNG.java:293)
at org.testng.remote.RemoteTestNG.main(RemoteTestNG.java:91)
]]>
    </failure>
    <system-out>
      <![CDATA[[PIS2][Listener] START: TC04_SaveSuccess
[PIS2][Listener] FAIL : TC04_SaveSuccess | java.lang.AssertionError: Modal thành công không hiện! expected [true] but found [false]]]>
    </system-out>
  </testcase> <!-- TC04_SaveSuccess -->
  <system-out>
    <![CDATA[[PIS2][Listener] BẮT ĐẦU SUITE: Default suite
[PIS2][Listener] Context start: Default test
[PIS6] === SETUP: Login & Init ===
[PIS6] ▶ START TC: TC01_OpenPage
[PIS2][Listener] START: TC01_OpenPage
[PIS2][Listener] PASS : TC01_OpenPage
[PIS6] ■ END TC: TC01_OpenPage
[PIS6] ▶ START TC: TC02_FillGeneralInfo
[PIS2][Listener] START: TC02_FillGeneralInfo
[PIS6] General Info OK
[PIS2][Listener] PASS : TC02_FillGeneralInfo
[PIS6] ■ END TC: TC02_FillGeneralInfo
[PIS6] ▶ START TC: TC03_AddMedicineAndCalc
[PIS2][Listener] START: TC03_AddMedicineAndCalc
[PIS2][Listener] FAIL : TC03_AddMedicineAndCalc | java.lang.RuntimeException: ❌ LỖI: Gõ 'Salonpas' nhưng không thấy menu gợi ý (hoặc API lỗi)!
[PIS6] ■ END TC: TC03_AddMedicineAndCalc
[PIS6] ▶ START TC: TC04_SaveSuccess
[PIS6] ⚠️ Re-logging in...
[PIS2][Listener] START: TC04_SaveSuccess
[PIS2][Listener] FAIL : TC04_SaveSuccess | java.lang.AssertionError: Modal thành công không hiện! expected [true] but found [false]
[PIS6] ■ END TC: TC04_SaveSuccess]]>
  </system-out>
</testsuite> <!-- vn.pis.ui.tests.PIS6_Export -->
