<?xml version="1.0" encoding="UTF-8"?>
<!-- Generated by org.testng.reporters.JUnitReportReporter -->
<testsuite hostname="DESKTOP-26PVOVF" failures="0" tests="6" name="vn.pis.ui.tests.PIS1_User" time="19.425" errors="0" timestamp="2025-11-17T20:33:07 ICT" skipped="0">
  <testcase classname="vn.pis.ui.tests.PIS1_User" name="TC01_Display_User_List" time="2.273">
    <system-out>
      <![CDATA[[PIS2][Listener] START: TC01_Display_User_List
[PIS1] Bước 1: Mở trang login và đăng nhập Admin
[PIS1] Bước 2: Đi tới trang Quản lý người dùng
[PIS1] Bước 3: Xác minh bảng hiển thị
[PIS1] Các cột tìm thấy: [Tên đăng nhập, Họ và tên, Email, Số điện thoại, Vai trò, Trạng thái, Đăng nhập cuối, ]
[PIS2][Listener] PASS : TC01_Display_User_List]]>
    </system-out>
  </testcase> <!-- TC01_Display_User_List -->
  <testcase classname="vn.pis.ui.tests.PIS1_User" name="TC02_A_Verify_Create_User_Popup_UI" time="1.869">
    <system-out>
      <![CDATA[[PIS2][Listener] START: TC02_A_Verify_Create_User_Popup_UI
[PIS1] Bước 1: Mở trang Quản lý người dùng
[PIS1] Bước 2: Click nút 'Thêm người dùng mới'
[PIS1] 📸 Đã lưu ảnh tại: ./ScreenShots/Hinh_4_4_3_Popup_Them_Nguoi_Dung.png
[PIS1] TC02_A OK
[PIS2][Listener] PASS : TC02_A_Verify_Create_User_Popup_UI]]>
    </system-out>
  </testcase> <!-- TC02_A_Verify_Create_User_Popup_UI -->
  <testcase classname="vn.pis.ui.tests.PIS1_User" name="TC02_B_Create_New_User_Success" time="5.617">
    <system-out>
      <![CDATA[[PIS2][Listener] START: TC02_B_Create_New_User_Success
[PIS1] 📸 Đã lưu ảnh tại: ./ScreenShots/Hinh_4_4_4_Them_Thanh_Cong.png
[PIS1] TC02_B OK
[PIS2][Listener] PASS : TC02_B_Create_New_User_Success]]>
    </system-out>
  </testcase> <!-- TC02_B_Create_New_User_Success -->
  <testcase classname="vn.pis.ui.tests.PIS1_User" name="TC03_Search_User_Success" time="1.380">
    <system-out>
      <![CDATA[[PIS2][Listener] START: TC03_Search_User_Success
[PIS1] Từ khóa tìm kiếm: user_1763386372108
[PIS1] TC03 OK - Tìm kiếm hoạt động tốt.
[PIS2][Listener] PASS : TC03_Search_User_Success]]>
    </system-out>
  </testcase> <!-- TC03_Search_User_Success -->
  <testcase classname="vn.pis.ui.tests.PIS1_User" name="TC04_Edit_User_Success" time="4.331">
    <system-out>
      <![CDATA[[PIS2][Listener] START: TC04_Edit_User_Success
[PIS1] User được chọn để sửa: user_1763386372108
[PIS1] Nhập thông tin mới: Updated 1763386381304
[PIS1] Kiểm tra thông tin sau khi sửa
[PIS1] TC04 OK - Chỉnh sửa thành công.
[PIS2][Listener] PASS : TC04_Edit_User_Success]]>
    </system-out>
  </testcase> <!-- TC04_Edit_User_Success -->
  <testcase classname="vn.pis.ui.tests.PIS1_User" name="TC05_Lock_Unlock_User" time="3.955">
    <system-out>
      <![CDATA[[PIS2][Listener] START: TC05_Lock_Unlock_User
[PIS1] 1. Thực hiện KHÓA user: user_1763386372108
[PIS1] 2. Thực hiện MỞ KHÓA user: user_1763386372108
[PIS1] TC05 OK - Khóa/Mở khóa hoạt động tốt.
[PIS2][Listener] PASS : TC05_Lock_Unlock_User]]>
    </system-out>
  </testcase> <!-- TC05_Lock_Unlock_User -->
  <system-out>
    <![CDATA[[PIS2][Listener] BẮT ĐẦU SUITE: Default suite
[PIS2][Listener] Context start: Default test
[PIS1] ▶ BẮT ĐẦU TC: TC01_Display_User_List
[PIS2][Listener] START: TC01_Display_User_List
[PIS1] Bước 1: Mở trang login và đăng nhập Admin
[PIS1] Bước 2: Đi tới trang Quản lý người dùng
[PIS1] Bước 3: Xác minh bảng hiển thị
[PIS1] Các cột tìm thấy: [Tên đăng nhập, Họ và tên, Email, Số điện thoại, Vai trò, Trạng thái, Đăng nhập cuối, ]
[PIS2][Listener] PASS : TC01_Display_User_List
[PIS1] ■ KẾT THÚC TC: TC01_Display_User_List
[PIS1] ▶ BẮT ĐẦU TC: TC02_A_Verify_Create_User_Popup_UI
[PIS2][Listener] START: TC02_A_Verify_Create_User_Popup_UI
[PIS1] Bước 1: Mở trang Quản lý người dùng
[PIS1] Bước 2: Click nút 'Thêm người dùng mới'
[PIS1] 📸 Đã lưu ảnh tại: ./ScreenShots/Hinh_4_4_3_Popup_Them_Nguoi_Dung.png
[PIS1] TC02_A OK
[PIS2][Listener] PASS : TC02_A_Verify_Create_User_Popup_UI
[PIS1] ■ KẾT THÚC TC: TC02_A_Verify_Create_User_Popup_UI
[PIS1] ▶ BẮT ĐẦU TC: TC02_B_Create_New_User_Success
[PIS2][Listener] START: TC02_B_Create_New_User_Success
[PIS1] 📸 Đã lưu ảnh tại: ./ScreenShots/Hinh_4_4_4_Them_Thanh_Cong.png
[PIS1] TC02_B OK
[PIS2][Listener] PASS : TC02_B_Create_New_User_Success
[PIS1] ■ KẾT THÚC TC: TC02_B_Create_New_User_Success
[PIS1] ▶ BẮT ĐẦU TC: TC03_Search_User_Success
[PIS2][Listener] START: TC03_Search_User_Success
[PIS1] Từ khóa tìm kiếm: user_1763386372108
[PIS1] TC03 OK - Tìm kiếm hoạt động tốt.
[PIS2][Listener] PASS : TC03_Search_User_Success
[PIS1] ■ KẾT THÚC TC: TC03_Search_User_Success
[PIS1] ▶ BẮT ĐẦU TC: TC04_Edit_User_Success
[PIS2][Listener] START: TC04_Edit_User_Success
[PIS1] User được chọn để sửa: user_1763386372108
[PIS1] Nhập thông tin mới: Updated 1763386381304
[PIS1] Kiểm tra thông tin sau khi sửa
[PIS1] TC04 OK - Chỉnh sửa thành công.
[PIS2][Listener] PASS : TC04_Edit_User_Success
[PIS1] ■ KẾT THÚC TC: TC04_Edit_User_Success
[PIS1] ▶ BẮT ĐẦU TC: TC05_Lock_Unlock_User
[PIS2][Listener] START: TC05_Lock_Unlock_User
[PIS1] 1. Thực hiện KHÓA user: user_1763386372108
[PIS1] 2. Thực hiện MỞ KHÓA user: user_1763386372108
[PIS1] TC05 OK - Khóa/Mở khóa hoạt động tốt.
[PIS2][Listener] PASS : TC05_Lock_Unlock_User
[PIS1] ■ KẾT THÚC TC: TC05_Lock_Unlock_User]]>
  </system-out>
</testsuite> <!-- vn.pis.ui.tests.PIS1_User -->
