<?xml version="1.0" encoding="UTF-8"?>
<!-- Generated by org.testng.reporters.JUnitReportReporter -->
<testsuite hostname="DESKTOP-26PVOVF" failures="1" tests="13" name="vn.pis.ui.tests.PIS6_ExportReceipt" time="38.732" errors="0" timestamp="2025-12-06T02:09:03 ICT" skipped="0">
  <testcase classname="vn.pis.ui.tests.PIS6_ExportReceipt" name="TC01_OpenExportPage" time="1.160">
    <system-out>
      <![CDATA[[PIS2][Listener] START: TC01_OpenExportPage
[PIS2][Listener] PASS : TC01_OpenExportPage]]>
    </system-out>
  </testcase> <!-- TC01_OpenExportPage -->
  <testcase classname="vn.pis.ui.tests.PIS6_ExportReceipt" name="TC02_SelectDepartment" time="0.839">
    <system-out>
      <![CDATA[[PIS2][Listener] START: TC02_SelectDepartment
[PIS2][Listener] PASS : TC02_SelectDepartment]]>
    </system-out>
  </testcase> <!-- TC02_SelectDepartment -->
  <testcase classname="vn.pis.ui.tests.PIS6_ExportReceipt" name="TC03_VerifyExportDate_DefaultAndReadOnly" time="0.437">
    <failure message="Ngày xuất mặc định không đúng ngày hiện tại! expected [2025-12-06] but found [2025-12-05]" type="java.lang.AssertionError">
      <![CDATA[java.lang.AssertionError: Ngày xuất mặc định không đúng ngày hiện tại! expected [2025-12-06] but found [2025-12-05]
at org.testng.Assert.fail(Assert.java:111)
at org.testng.Assert.failNotEquals(Assert.java:1578)
at org.testng.Assert.assertEqualsImpl(Assert.java:150)
at org.testng.Assert.assertEquals(Assert.java:132)
at org.testng.Assert.assertEquals(Assert.java:656)
at vn.pis.ui.tests.PIS6_ExportReceipt.TC03_VerifyExportDate_DefaultAndReadOnly(PIS6_ExportReceipt.java:105)
at java.base/jdk.internal.reflect.DirectMethodHandleAccessor.invoke(DirectMethodHandleAccessor.java:104)
at java.base/java.lang.reflect.Method.invoke(Method.java:578)
at org.testng.internal.invokers.MethodInvocationHelper.invokeMethod(MethodInvocationHelper.java:141)
at org.testng.internal.invokers.TestInvoker.invokeMethod(TestInvoker.java:686)
at org.testng.internal.invokers.TestInvoker.invokeTestMethod(TestInvoker.java:230)
at org.testng.internal.invokers.MethodRunner.runInSequence(MethodRunner.java:63)
at org.testng.internal.invokers.TestInvoker$MethodInvocationAgent.invoke(TestInvoker.java:992)
at org.testng.internal.invokers.TestInvoker.invokeTestMethods(TestInvoker.java:203)
at org.testng.internal.invokers.TestMethodWorker.invokeTestMethods(TestMethodWorker.java:154)
at org.testng.internal.invokers.TestMethodWorker.run(TestMethodWorker.java:134)
at java.base/java.util.ArrayList.forEach(ArrayList.java:1511)
at org.testng.TestRunner.privateRun(TestRunner.java:739)
at org.testng.TestRunner.run(TestRunner.java:614)
at org.testng.SuiteRunner.runTest(SuiteRunner.java:421)
at org.testng.SuiteRunner.runSequentially(SuiteRunner.java:413)
at org.testng.SuiteRunner.privateRun(SuiteRunner.java:373)
at org.testng.SuiteRunner.run(SuiteRunner.java:312)
at org.testng.SuiteRunnerWorker.runSuite(SuiteRunnerWorker.java:52)
at org.testng.SuiteRunnerWorker.run(SuiteRunnerWorker.java:95)
at org.testng.TestNG.runSuitesSequentially(TestNG.java:1274)
at org.testng.TestNG.runSuitesLocally(TestNG.java:1208)
at org.testng.TestNG.runSuites(TestNG.java:1112)
at org.testng.TestNG.run(TestNG.java:1079)
at org.testng.remote.AbstractRemoteTestNG.run(AbstractRemoteTestNG.java:115)
at org.testng.remote.RemoteTestNG.initAndRun(RemoteTestNG.java:293)
at org.testng.remote.RemoteTestNG.main(RemoteTestNG.java:91)
]]>
    </failure>
    <system-out>
      <![CDATA[[PIS2][Listener] START: TC03_VerifyExportDate_DefaultAndReadOnly
[PIS6] Ngày trên web: 2025-12-05 | Ngày hệ thống: 2025-12-06
[PIS2][Listener] FAIL : TC03_VerifyExportDate_DefaultAndReadOnly | java.lang.AssertionError: Ngày xuất mặc định không đúng ngày hiện tại! expected [2025-12-06] but found [2025-12-05]]]>
    </system-out>
  </testcase> <!-- TC03_VerifyExportDate_DefaultAndReadOnly -->
  <testcase classname="vn.pis.ui.tests.PIS6_ExportReceipt" name="TC04_InputNotes" time="0.704">
    <system-out>
      <![CDATA[[PIS2][Listener] START: TC04_InputNotes
[PIS2][Listener] PASS : TC04_InputNotes]]>
    </system-out>
  </testcase> <!-- TC04_InputNotes -->
  <testcase classname="vn.pis.ui.tests.PIS6_ExportReceipt" name="TC05_TC06_TC07_RowInteraction_AutoFill" time="3.629">
    <system-out>
      <![CDATA[[PIS2][Listener] START: TC05_TC06_TC07_RowInteraction_AutoFill
[PIS6] Data auto-fill -> Price: 210.000 ₫, Exp: 30/11/2026, Lot: LOT-PAN-001
[PIS2][Listener] PASS : TC05_TC06_TC07_RowInteraction_AutoFill]]>
    </system-out>
  </testcase> <!-- TC05_TC06_TC07_RowInteraction_AutoFill -->
  <testcase classname="vn.pis.ui.tests.PIS6_ExportReceipt" name="TC08_TC09_Calculation" time="4.462">
    <system-out>
      <![CDATA[[PIS2][Listener] START: TC08_TC09_Calculation
[PIS2][Listener] PASS : TC08_TC09_Calculation]]>
    </system-out>
  </testcase> <!-- TC08_TC09_Calculation -->
  <testcase classname="vn.pis.ui.tests.PIS6_ExportReceipt" name="TC10_DeleteRow" time="2.862">
    <system-out>
      <![CDATA[[PIS2][Listener] START: TC10_DeleteRow
[PIS6] Số dòng trước khi xóa: 2
[PIS6] Số dòng sau khi xóa: 1
[PIS2][Listener] PASS : TC10_DeleteRow]]>
    </system-out>
  </testcase> <!-- TC10_DeleteRow -->
  <testcase classname="vn.pis.ui.tests.PIS6_ExportReceipt" name="TC11_Validate_OverStock" time="3.806">
    <system-out>
      <![CDATA[[PIS2][Listener] START: TC11_Validate_OverStock
[PIS6] Nội dung cảnh báo bắt được: Cảnh báo: Một số thuốc có số lượng xuất vượt quá tồn kho hiện tại. Vui lòng kiểm tra lại.
[PIS6] Trạng thái nút Hoàn thành (Enabled?): false
[PIS6] PASS: Hệ thống đã hiện cảnh báo và khóa nút Hoàn thành đúng yêu cầu.
[PIS2][Listener] PASS : TC11_Validate_OverStock]]>
    </system-out>
  </testcase> <!-- TC11_Validate_OverStock -->
  <testcase classname="vn.pis.ui.tests.PIS6_ExportReceipt" name="TC13_Validate_EmptyQuantity" time="2.818">
    <system-out>
      <![CDATA[[PIS2][Listener] START: TC13_Validate_EmptyQuantity
[PIS6] ==> Thông báo lỗi bắt được: Vui lòng kiểm tra lại:
Danh sách sản phẩm không được để trống
[PIS2][Listener] PASS : TC13_Validate_EmptyQuantity]]>
    </system-out>
  </testcase> <!-- TC13_Validate_EmptyQuantity -->
  <testcase classname="vn.pis.ui.tests.PIS6_ExportReceipt" name="TC14_TC16_CreateSuccess_CheckStock" time="4.222">
    <system-out>
      <![CDATA[[PIS2][Listener] START: TC14_TC16_CreateSuccess_CheckStock
[PIS6] Message sau khi lưu: Tạo Phiếu Xuất Kho Thành Công
[PIS6] PASS: Đã lưu phiếu thành công.
[PIS2][Listener] PASS : TC14_TC16_CreateSuccess_CheckStock]]>
    </system-out>
  </testcase> <!-- TC14_TC16_CreateSuccess_CheckStock -->
  <testcase classname="vn.pis.ui.tests.PIS6_ExportReceipt" name="TC15_TC17_FailToSave_Validation" time="2.062">
    <system-out>
      <![CDATA[[PIS2][Listener] START: TC15_TC17_FailToSave_Validation
[PIS6] PASS: Nút Hoàn thành đã bị khóa đúng như mong đợi.
[PIS2][Listener] PASS : TC15_TC17_FailToSave_Validation]]>
    </system-out>
  </testcase> <!-- TC15_TC17_FailToSave_Validation -->
  <testcase classname="vn.pis.ui.tests.PIS6_ExportReceipt" name="TC18_CreateExport_SingleRow_Success" time="5.878">
    <system-out>
      <![CDATA[[PIS2][Listener] START: TC18_CreateExport_SingleRow_Success
[PIS6] Đơn giá hệ thống tự fill: 210000
[PIS6] Line amount row1 = 210.000 ₫
[PIS2][Listener] PASS : TC18_CreateExport_SingleRow_Success]]>
    </system-out>
  </testcase> <!-- TC18_CreateExport_SingleRow_Success -->
  <testcase classname="vn.pis.ui.tests.PIS6_ExportReceipt" name="TC19_Refresh_ClearData" time="5.853">
    <system-out>
      <![CDATA[[PIS2][Listener] START: TC19_Refresh_ClearData
[PIS6] --- Bước 1: Điền dữ liệu mẫu vào form ---
[PIS6] --- Bước 2: Nhấn nút Làm mới ---
[PIS6] --- Bước 3: Kiểm tra dữ liệu đã bị xóa sạch ---
[PIS6] PASS: Bảng thuốc đã reset về dòng trắng mặc định.
[PIS2][Listener] PASS : TC19_Refresh_ClearData]]>
    </system-out>
  </testcase> <!-- TC19_Refresh_ClearData -->
  <system-out>
    <![CDATA[[PIS2][Listener] BẮT ĐẦU SUITE: Default suite
[PIS2][Listener] Context start: Default test
[PIS6] --- Đăng nhập hệ thống ---
[PIS6] ▶ BẮT ĐẦU TC: TC01_OpenExportPage
[PIS2][Listener] START: TC01_OpenExportPage
[PIS2][Listener] PASS : TC01_OpenExportPage
[PIS6] ▶ BẮT ĐẦU TC: TC02_SelectDepartment
[PIS2][Listener] START: TC02_SelectDepartment
[PIS2][Listener] PASS : TC02_SelectDepartment
[PIS6] ▶ BẮT ĐẦU TC: TC03_VerifyExportDate_DefaultAndReadOnly
[PIS2][Listener] START: TC03_VerifyExportDate_DefaultAndReadOnly
[PIS6] Ngày trên web: 2025-12-05 | Ngày hệ thống: 2025-12-06
[PIS2][Listener] FAIL : TC03_VerifyExportDate_DefaultAndReadOnly | java.lang.AssertionError: Ngày xuất mặc định không đúng ngày hiện tại! expected [2025-12-06] but found [2025-12-05]
[PIS6] ▶ BẮT ĐẦU TC: TC04_InputNotes
[PIS2][Listener] START: TC04_InputNotes
[PIS2][Listener] PASS : TC04_InputNotes
[PIS6] ▶ BẮT ĐẦU TC: TC05_TC06_TC07_RowInteraction_AutoFill
[PIS2][Listener] START: TC05_TC06_TC07_RowInteraction_AutoFill
[PIS6] Data auto-fill -> Price: 210.000 ₫, Exp: 30/11/2026, Lot: LOT-PAN-001
[PIS2][Listener] PASS : TC05_TC06_TC07_RowInteraction_AutoFill
[PIS6] ▶ BẮT ĐẦU TC: TC08_TC09_Calculation
[PIS2][Listener] START: TC08_TC09_Calculation
[PIS2][Listener] PASS : TC08_TC09_Calculation
[PIS6] ▶ BẮT ĐẦU TC: TC10_DeleteRow
[PIS2][Listener] START: TC10_DeleteRow
[PIS6] Số dòng trước khi xóa: 2
[PIS6] Số dòng sau khi xóa: 1
[PIS2][Listener] PASS : TC10_DeleteRow
[PIS6] ▶ BẮT ĐẦU TC: TC11_Validate_OverStock
[PIS2][Listener] START: TC11_Validate_OverStock
[PIS6] Nội dung cảnh báo bắt được: Cảnh báo: Một số thuốc có số lượng xuất vượt quá tồn kho hiện tại. Vui lòng kiểm tra lại.
[PIS6] Trạng thái nút Hoàn thành (Enabled?): false
[PIS6] PASS: Hệ thống đã hiện cảnh báo và khóa nút Hoàn thành đúng yêu cầu.
[PIS2][Listener] PASS : TC11_Validate_OverStock
[PIS6] ▶ BẮT ĐẦU TC: TC13_Validate_EmptyQuantity
[PIS2][Listener] START: TC13_Validate_EmptyQuantity
[PIS6] ==> Thông báo lỗi bắt được: Vui lòng kiểm tra lại:
Danh sách sản phẩm không được để trống
[PIS2][Listener] PASS : TC13_Validate_EmptyQuantity
[PIS6] ▶ BẮT ĐẦU TC: TC14_TC16_CreateSuccess_CheckStock
[PIS2][Listener] START: TC14_TC16_CreateSuccess_CheckStock
[PIS6] Message sau khi lưu: Tạo Phiếu Xuất Kho Thành Công
[PIS6] PASS: Đã lưu phiếu thành công.
[PIS2][Listener] PASS : TC14_TC16_CreateSuccess_CheckStock
[PIS6] ▶ BẮT ĐẦU TC: TC15_TC17_FailToSave_Validation
[PIS2][Listener] START: TC15_TC17_FailToSave_Validation
[PIS6] PASS: Nút Hoàn thành đã bị khóa đúng như mong đợi.
[PIS2][Listener] PASS : TC15_TC17_FailToSave_Validation
[PIS6] ▶ BẮT ĐẦU TC: TC18_CreateExport_SingleRow_Success
[PIS2][Listener] START: TC18_CreateExport_SingleRow_Success
[PIS6] Đơn giá hệ thống tự fill: 210000
[PIS6] Line amount row1 = 210.000 ₫
[PIS2][Listener] PASS : TC18_CreateExport_SingleRow_Success
[PIS6] ▶ BẮT ĐẦU TC: TC19_Refresh_ClearData
[PIS2][Listener] START: TC19_Refresh_ClearData
[PIS6] --- Bước 1: Điền dữ liệu mẫu vào form ---
[PIS6] --- Bước 2: Nhấn nút Làm mới ---
[PIS6] --- Bước 3: Kiểm tra dữ liệu đã bị xóa sạch ---
[PIS6] PASS: Bảng thuốc đã reset về dòng trắng mặc định.
[PIS2][Listener] PASS : TC19_Refresh_ClearData]]>
  </system-out>
</testsuite> <!-- vn.pis.ui.tests.PIS6_ExportReceipt -->
