<?xml version="1.0" encoding="UTF-8"?>
<!-- Generated by org.testng.reporters.JUnitReportReporter -->
<testsuite hostname="DESKTOP-26PVOVF" failures="0" tests="18" name="vn.pis.ui.tests.PIS6_ExportReceipt" time="60.280" errors="0" timestamp="2025-12-19T13:59:13 ICT" skipped="0">
  <testcase classname="vn.pis.ui.tests.PIS6_ExportReceipt" name="TC01_OpenExportPage" time="0.918">
    <system-out>
      <![CDATA[[PIS2][Listener] START: TC01_OpenExportPage
[PIS2][Listener] PASS : TC01_OpenExportPage]]>
    </system-out>
  </testcase> <!-- TC01_OpenExportPage -->
  <testcase classname="vn.pis.ui.tests.PIS6_ExportReceipt" name="TC02_SelectDepartment" time="0.545">
    <system-out>
      <![CDATA[[PIS2][Listener] START: TC02_SelectDepartment
[PIS2][Listener] PASS : TC02_SelectDepartment]]>
    </system-out>
  </testcase> <!-- TC02_SelectDepartment -->
  <testcase classname="vn.pis.ui.tests.PIS6_ExportReceipt" name="TC03_VerifyExportDate_DefaultAndReadOnly" time="0.305">
    <system-out>
      <![CDATA[[PIS2][Listener] START: TC03_VerifyExportDate_DefaultAndReadOnly
[PIS6] Ngày trên web: 2025-12-19 | Ngày hệ thống (Expected): 2025-12-19
[PIS6] Trạng thái Input -> Readonly: false | Disabled: true
[PIS2][Listener] PASS : TC03_VerifyExportDate_DefaultAndReadOnly]]>
    </system-out>
  </testcase> <!-- TC03_VerifyExportDate_DefaultAndReadOnly -->
  <testcase classname="vn.pis.ui.tests.PIS6_ExportReceipt" name="TC04_InputNotes" time="0.438">
    <system-out>
      <![CDATA[[PIS2][Listener] START: TC04_InputNotes
[PIS2][Listener] PASS : TC04_InputNotes]]>
    </system-out>
  </testcase> <!-- TC04_InputNotes -->
  <testcase classname="vn.pis.ui.tests.PIS6_ExportReceipt" name="TC05_TC06_TC07_RowInteraction_AutoFill" time="2.506">
    <system-out>
      <![CDATA[[PIS2][Listener] START: TC05_TC06_TC07_RowInteraction_AutoFill
[PIS6] Data auto-fill -> Price: 3.000 ₫, Exp: 23/12/2025, Lot: LOT-20251209-120900-9950
[PIS2][Listener] PASS : TC05_TC06_TC07_RowInteraction_AutoFill]]>
    </system-out>
  </testcase> <!-- TC05_TC06_TC07_RowInteraction_AutoFill -->
  <testcase classname="vn.pis.ui.tests.PIS6_ExportReceipt" name="TC08_TC09_Calculation" time="3.069">
    <system-out>
      <![CDATA[[PIS2][Listener] START: TC08_TC09_Calculation
[PIS2][Listener] PASS : TC08_TC09_Calculation]]>
    </system-out>
  </testcase> <!-- TC08_TC09_Calculation -->
  <testcase classname="vn.pis.ui.tests.PIS6_ExportReceipt" name="TC10_DeleteRow" time="1.914">
    <system-out>
      <![CDATA[[PIS2][Listener] START: TC10_DeleteRow
[PIS6] Số dòng trước khi xóa: 2
[PIS6] Số dòng sau khi xóa: 1
[PIS2][Listener] PASS : TC10_DeleteRow]]>
    </system-out>
  </testcase> <!-- TC10_DeleteRow -->
  <testcase classname="vn.pis.ui.tests.PIS6_ExportReceipt" name="TC20_FinishDisabled_WhenMissingDepartment" time="1.349">
    <system-out>
      <![CDATA[[PIS2][Listener] START: TC20_FinishDisabled_WhenMissingDepartment
[PIS2][Listener] PASS : TC20_FinishDisabled_WhenMissingDepartment]]>
    </system-out>
  </testcase> <!-- TC20_FinishDisabled_WhenMissingDepartment -->
  <testcase classname="vn.pis.ui.tests.PIS6_ExportReceipt" name="TC21_FinishDisabled_WhenDrugNotSelected" time="1.068">
    <system-out>
      <![CDATA[[PIS2][Listener] START: TC21_FinishDisabled_WhenDrugNotSelected
[PIS2][Listener] PASS : TC21_FinishDisabled_WhenDrugNotSelected]]>
    </system-out>
  </testcase> <!-- TC21_FinishDisabled_WhenDrugNotSelected -->
  <testcase classname="vn.pis.ui.tests.PIS6_ExportReceipt" name="TC13_Validate_EmptyQuantity" time="8.880">
    <system-out>
      <![CDATA[[PIS2][Listener] START: TC13_Validate_EmptyQuantity
[PIS2][Listener] PASS : TC13_Validate_EmptyQuantity]]>
    </system-out>
  </testcase> <!-- TC13_Validate_EmptyQuantity -->
  <testcase classname="vn.pis.ui.tests.PIS6_ExportReceipt" name="TC23_QuantityZero_ShouldNotAllowFinish" time="9.025">
    <system-out>
      <![CDATA[[PIS2][Listener] START: TC23_QuantityZero_ShouldNotAllowFinish
[PIS2][Listener] PASS : TC23_QuantityZero_ShouldNotAllowFinish]]>
    </system-out>
  </testcase> <!-- TC23_QuantityZero_ShouldNotAllowFinish -->
  <testcase classname="vn.pis.ui.tests.PIS6_ExportReceipt" name="TC24_QuantityNegative_ShouldNotAllowFinish" time="8.820">
    <system-out>
      <![CDATA[[PIS2][Listener] START: TC24_QuantityNegative_ShouldNotAllowFinish
[PIS2][Listener] PASS : TC24_QuantityNegative_ShouldNotAllowFinish]]>
    </system-out>
  </testcase> <!-- TC24_QuantityNegative_ShouldNotAllowFinish -->
  <testcase classname="vn.pis.ui.tests.PIS6_ExportReceipt" name="TC11_Validate_OverStock" time="3.664">
    <system-out>
      <![CDATA[[PIS2][Listener] START: TC11_Validate_OverStock
[PIS6] Nội dung cảnh báo bắt được: Cảnh báo: Một số thuốc có số lượng xuất vượt quá tồn kho hiện tại. Vui lòng kiểm tra lại.
[PIS6] Trạng thái nút Hoàn thành (Enabled?): false
[PIS6] PASS: Hệ thống đã hiện cảnh báo và khóa nút Hoàn thành đúng yêu cầu.
[PIS2][Listener] PASS : TC11_Validate_OverStock]]>
    </system-out>
  </testcase> <!-- TC11_Validate_OverStock -->
  <testcase classname="vn.pis.ui.tests.PIS6_ExportReceipt" name="TC19_Refresh_ClearData" time="2.862">
    <system-out>
      <![CDATA[[PIS2][Listener] START: TC19_Refresh_ClearData
[PIS6] PASS: Bảng thuốc đã reset về dòng trắng mặc định.
[PIS2][Listener] PASS : TC19_Refresh_ClearData]]>
    </system-out>
  </testcase> <!-- TC19_Refresh_ClearData -->
  <testcase classname="vn.pis.ui.tests.PIS6_ExportReceipt" name="TC22_Notes_SpecialChars_CreateSuccess" time="2.634">
    <system-out>
      <![CDATA[[PIS2][Listener] START: TC22_Notes_SpecialChars_CreateSuccess
[PIS2][Listener] PASS : TC22_Notes_SpecialChars_CreateSuccess]]>
    </system-out>
  </testcase> <!-- TC22_Notes_SpecialChars_CreateSuccess -->
  <testcase classname="vn.pis.ui.tests.PIS6_ExportReceipt" name="TC25_Popup_Content_BasicInfo" time="4.142">
    <system-out>
      <![CDATA[[PIS2][Listener] START: TC25_Popup_Content_BasicInfo
[PIS2][Listener] PASS : TC25_Popup_Content_BasicInfo]]>
    </system-out>
  </testcase> <!-- TC25_Popup_Content_BasicInfo -->
  <testcase classname="vn.pis.ui.tests.PIS6_ExportReceipt" name="TC26_Popup_Close_ReturnToForm" time="4.676">
    <system-out>
      <![CDATA[[PIS2][Listener] START: TC26_Popup_Close_ReturnToForm
[PIS2][Listener] PASS : TC26_Popup_Close_ReturnToForm]]>
    </system-out>
  </testcase> <!-- TC26_Popup_Close_ReturnToForm -->
  <testcase classname="vn.pis.ui.tests.PIS6_ExportReceipt" name="TC27_Popup_CreateNew_ResetForm" time="3.465">
    <system-out>
      <![CDATA[[PIS2][Listener] START: TC27_Popup_CreateNew_ResetForm
[PIS2][Listener] PASS : TC27_Popup_CreateNew_ResetForm]]>
    </system-out>
  </testcase> <!-- TC27_Popup_CreateNew_ResetForm -->
  <system-out>
    <![CDATA[[PIS2][Listener] BẮT ĐẦU SUITE: Default suite
[PIS2][Listener] Context start: Default test
[PIS6] --- Đăng nhập hệ thống ---
[PIS6] ▶ BẮT ĐẦU TC: TC01_OpenExportPage
[PIS2][Listener] START: TC01_OpenExportPage
[PIS2][Listener] PASS : TC01_OpenExportPage
[PIS6] ▶ BẮT ĐẦU TC: TC02_SelectDepartment
[PIS2][Listener] START: TC02_SelectDepartment
[PIS2][Listener] PASS : TC02_SelectDepartment
[PIS6] ▶ BẮT ĐẦU TC: TC03_VerifyExportDate_DefaultAndReadOnly
[PIS2][Listener] START: TC03_VerifyExportDate_DefaultAndReadOnly
[PIS6] Ngày trên web: 2025-12-19 | Ngày hệ thống (Expected): 2025-12-19
[PIS6] Trạng thái Input -> Readonly: false | Disabled: true
[PIS2][Listener] PASS : TC03_VerifyExportDate_DefaultAndReadOnly
[PIS6] ▶ BẮT ĐẦU TC: TC04_InputNotes
[PIS2][Listener] START: TC04_InputNotes
[PIS2][Listener] PASS : TC04_InputNotes
[PIS6] ▶ BẮT ĐẦU TC: TC05_TC06_TC07_RowInteraction_AutoFill
[PIS2][Listener] START: TC05_TC06_TC07_RowInteraction_AutoFill
[PIS6] Data auto-fill -> Price: 3.000 ₫, Exp: 23/12/2025, Lot: LOT-20251209-120900-9950
[PIS2][Listener] PASS : TC05_TC06_TC07_RowInteraction_AutoFill
[PIS6] ▶ BẮT ĐẦU TC: TC08_TC09_Calculation
[PIS2][Listener] START: TC08_TC09_Calculation
[PIS2][Listener] PASS : TC08_TC09_Calculation
[PIS6] ▶ BẮT ĐẦU TC: TC10_DeleteRow
[PIS2][Listener] START: TC10_DeleteRow
[PIS6] Số dòng trước khi xóa: 2
[PIS6] Số dòng sau khi xóa: 1
[PIS2][Listener] PASS : TC10_DeleteRow
[PIS6] ▶ BẮT ĐẦU TC: TC20_FinishDisabled_WhenMissingDepartment
[PIS2][Listener] START: TC20_FinishDisabled_WhenMissingDepartment
[PIS2][Listener] PASS : TC20_FinishDisabled_WhenMissingDepartment
[PIS6] ▶ BẮT ĐẦU TC: TC21_FinishDisabled_WhenDrugNotSelected
[PIS2][Listener] START: TC21_FinishDisabled_WhenDrugNotSelected
[PIS2][Listener] PASS : TC21_FinishDisabled_WhenDrugNotSelected
[PIS6] ▶ BẮT ĐẦU TC: TC13_Validate_EmptyQuantity
[PIS2][Listener] START: TC13_Validate_EmptyQuantity
[PIS2][Listener] PASS : TC13_Validate_EmptyQuantity
[PIS6] ▶ BẮT ĐẦU TC: TC23_QuantityZero_ShouldNotAllowFinish
[PIS2][Listener] START: TC23_QuantityZero_ShouldNotAllowFinish
[PIS2][Listener] PASS : TC23_QuantityZero_ShouldNotAllowFinish
[PIS6] ▶ BẮT ĐẦU TC: TC24_QuantityNegative_ShouldNotAllowFinish
[PIS2][Listener] START: TC24_QuantityNegative_ShouldNotAllowFinish
[PIS2][Listener] PASS : TC24_QuantityNegative_ShouldNotAllowFinish
[PIS6] ▶ BẮT ĐẦU TC: TC11_Validate_OverStock
[PIS2][Listener] START: TC11_Validate_OverStock
[PIS6] Nội dung cảnh báo bắt được: Cảnh báo: Một số thuốc có số lượng xuất vượt quá tồn kho hiện tại. Vui lòng kiểm tra lại.
[PIS6] Trạng thái nút Hoàn thành (Enabled?): false
[PIS6] PASS: Hệ thống đã hiện cảnh báo và khóa nút Hoàn thành đúng yêu cầu.
[PIS2][Listener] PASS : TC11_Validate_OverStock
[PIS6] ▶ BẮT ĐẦU TC: TC19_Refresh_ClearData
[PIS2][Listener] START: TC19_Refresh_ClearData
[PIS6] PASS: Bảng thuốc đã reset về dòng trắng mặc định.
[PIS2][Listener] PASS : TC19_Refresh_ClearData
[PIS6] ▶ BẮT ĐẦU TC: TC22_Notes_SpecialChars_CreateSuccess
[PIS2][Listener] START: TC22_Notes_SpecialChars_CreateSuccess
[PIS2][Listener] PASS : TC22_Notes_SpecialChars_CreateSuccess
[PIS6] ▶ BẮT ĐẦU TC: TC25_Popup_Content_BasicInfo
[PIS2][Listener] START: TC25_Popup_Content_BasicInfo
[PIS2][Listener] PASS : TC25_Popup_Content_BasicInfo
[PIS6] ▶ BẮT ĐẦU TC: TC26_Popup_Close_ReturnToForm
[PIS2][Listener] START: TC26_Popup_Close_ReturnToForm
[PIS2][Listener] PASS : TC26_Popup_Close_ReturnToForm
[PIS6] ▶ BẮT ĐẦU TC: TC27_Popup_CreateNew_ResetForm
[PIS2][Listener] START: TC27_Popup_CreateNew_ResetForm
[PIS2][Listener] PASS : TC27_Popup_CreateNew_ResetForm]]>
  </system-out>
</testsuite> <!-- vn.pis.ui.tests.PIS6_ExportReceipt -->
