<?xml version="1.0" encoding="UTF-8"?>
<!-- Generated by org.testng.reporters.JUnitXMLReporter -->
<testsuite ignored="0" hostname="DESKTOP-26PVOVF" failures="0" tests="8" name="Categories" time="30.142" errors="0" timestamp="2025-11-11T16:41:47 ICT">
  <testcase classname="vn.pis.ui.tests.PIS2_Categories" name="TC01_OpenCategoriesPage" time="2.417"/>
  <testcase classname="vn.pis.ui.tests.PIS2_Categories" name="TC02_AddCategory_Success" time="2.434"/>
  <testcase classname="vn.pis.ui.tests.PIS2_Categories" name="TC03_AddCategory_EmptyName" time="5.416"/>
  <testcase classname="vn.pis.ui.tests.PIS2_Categories" name="TC04_AddCategory_DuplicateName" time="3.97"/>
  <testcase classname="vn.pis.ui.tests.PIS2_Categories" name="TC05_EditCategory_Success" time="4.659"/>
  <testcase classname="vn.pis.ui.tests.PIS2_Categories" name="TC06_DeleteCategory_WhenZeroDrug" time="3.644"/>
  <testcase classname="vn.pis.ui.tests.PIS2_Categories" name="TC07_SearchByName" time="2.465"/>
  <testcase classname="vn.pis.ui.tests.PIS2_Categories" name="TC08_Pagination_PageSize" time="2.153"/>
</testsuite> <!-- Categories -->
