<?xml version="1.0" encoding="UTF-8"?>
<!-- Generated by org.testng.reporters.JUnitXMLReporter -->
<testsuite ignored="0" hostname="DESKTOP-26PVOVF" failures="0" tests="6" name="Default test" time="17.872" errors="0" timestamp="2025-11-16T13:12:12 ICT">
  <testcase classname="vn.pis.ui.tests.PIS1_User" name="TC01_Display_User_List" time="1.929"/>
  <testcase classname="vn.pis.ui.tests.PIS1_User" name="TC02_Create_New_User_Success" time="3.951"/>
  <testcase classname="vn.pis.ui.tests.PIS1_User" name="TC03_Search_User_Success" time="1.326"/>
  <testcase classname="vn.pis.ui.tests.PIS1_User" name="TC04_Edit_User_Success" time="3.058"/>
  <testcase classname="vn.pis.ui.tests.PIS1_User" name="TC05_Lock_User_Success" time="2.202"/>
  <testcase classname="vn.pis.ui.tests.PIS1_User" name="TC06_Unlock_User_Success" time="2.244"/>
</testsuite> <!-- Default test -->
