<?xml version="1.0" encoding="UTF-8"?>
<!-- Generated by org.testng.reporters.JUnitXMLReporter -->
<testsuite ignored="0" hostname="DESKTOP-26PVOVF" failures="0" tests="18" name="Default test" time="63.427" errors="0" timestamp="2025-12-19T13:59:13 ICT">
  <testcase classname="vn.pis.ui.tests.PIS6_ExportReceipt" name="TC01_OpenExportPage" time="0.917"/>
  <testcase classname="vn.pis.ui.tests.PIS6_ExportReceipt" name="TC02_SelectDepartment" time="0.544"/>
  <testcase classname="vn.pis.ui.tests.PIS6_ExportReceipt" name="TC03_VerifyExportDate_DefaultAndReadOnly" time="0.303"/>
  <testcase classname="vn.pis.ui.tests.PIS6_ExportReceipt" name="TC04_InputNotes" time="0.438"/>
  <testcase classname="vn.pis.ui.tests.PIS6_ExportReceipt" name="TC05_TC06_TC07_RowInteraction_AutoFill" time="2.506"/>
  <testcase classname="vn.pis.ui.tests.PIS6_ExportReceipt" name="TC08_TC09_Calculation" time="3.068"/>
  <testcase classname="vn.pis.ui.tests.PIS6_ExportReceipt" name="TC10_DeleteRow" time="1.914"/>
  <testcase classname="vn.pis.ui.tests.PIS6_ExportReceipt" name="TC20_FinishDisabled_WhenMissingDepartment" time="1.349"/>
  <testcase classname="vn.pis.ui.tests.PIS6_ExportReceipt" name="TC21_FinishDisabled_WhenDrugNotSelected" time="1.068"/>
  <testcase classname="vn.pis.ui.tests.PIS6_ExportReceipt" name="TC13_Validate_EmptyQuantity" time="8.879"/>
  <testcase classname="vn.pis.ui.tests.PIS6_ExportReceipt" name="TC23_QuantityZero_ShouldNotAllowFinish" time="9.025"/>
  <testcase classname="vn.pis.ui.tests.PIS6_ExportReceipt" name="TC24_QuantityNegative_ShouldNotAllowFinish" time="8.819"/>
  <testcase classname="vn.pis.ui.tests.PIS6_ExportReceipt" name="TC11_Validate_OverStock" time="3.663"/>
  <testcase classname="vn.pis.ui.tests.PIS6_ExportReceipt" name="TC19_Refresh_ClearData" time="2.862"/>
  <testcase classname="vn.pis.ui.tests.PIS6_ExportReceipt" name="TC22_Notes_SpecialChars_CreateSuccess" time="2.634"/>
  <testcase classname="vn.pis.ui.tests.PIS6_ExportReceipt" name="TC25_Popup_Content_BasicInfo" time="4.142"/>
  <testcase classname="vn.pis.ui.tests.PIS6_ExportReceipt" name="TC26_Popup_Close_ReturnToForm" time="4.675"/>
  <testcase classname="vn.pis.ui.tests.PIS6_ExportReceipt" name="TC27_Popup_CreateNew_ResetForm" time="3.463"/>
</testsuite> <!-- Default test -->
